TN:
SF:packages/core/index.ts
FNF:0
FNH:0
DA:17,2
DA:48,2
LF:2
LH:2
BRF:0
BRH:0
end_of_record
TN:
SF:packages/core/lib/CliRunner.d.ts
FNF:0
FNH:0
LF:0
LH:0
BRF:0
BRH:0
end_of_record
TN:
SF:packages/core/lib/CliRunner.ts
FN:19,runCli
FN:25,runCustom
FN:44,(anonymous_2)
FN:46,(anonymous_3)
FN:48,(anonymous_4)
FN:54,(anonymous_5)
FN:60,(anonymous_6)
FN:66,startClusterMaster
FN:75,(anonymous_8)
FN:76,(anonymous_9)
FN:85,(anonymous_10)
FN:90,respawn
FN:96,(anonymous_12)
FN:97,respawnNext
FN:102,(anonymous_14)
FN:106,(anonymous_15)
FN:115,abort
FN:131,respawnPending
FN:19,runCli
FN:25,runCustom
FN:44,(anonymous_2)
FN:46,(anonymous_3)
FN:48,(anonymous_4)
FN:54,(anonymous_5)
FN:60,(anonymous_6)
FN:66,startClusterMaster
FN:75,(anonymous_8)
FN:76,(anonymous_9)
FN:85,(anonymous_10)
FN:90,respawn
FN:96,(anonymous_12)
FN:97,respawnNext
FN:102,(anonymous_14)
FN:106,(anonymous_15)
FN:115,abort
FN:131,respawnPending
FNF:36
FNH:32
FNDA:1,runCli
FNDA:15,runCustom
FNDA:7,(anonymous_2)
FNDA:9,(anonymous_3)
FNDA:8,(anonymous_4)
FNDA:1,(anonymous_5)
FNDA:1,(anonymous_6)
FNDA:7,startClusterMaster
FNDA:2,(anonymous_8)
FNDA:2,(anonymous_9)
FNDA:1,(anonymous_10)
FNDA:2,respawn
FNDA:1,(anonymous_12)
FNDA:3,respawnNext
FNDA:1,(anonymous_14)
FNDA:1,(anonymous_15)
FNDA:0,abort
FNDA:0,respawnPending
FNDA:0,runCli
FNDA:0,runCustom
FNDA:7,(anonymous_2)
FNDA:15,(anonymous_3)
FNDA:9,(anonymous_4)
FNDA:9,(anonymous_5)
FNDA:15,(anonymous_6)
FNDA:15,startClusterMaster
FNDA:7,(anonymous_8)
FNDA:2,(anonymous_9)
FNDA:7,(anonymous_10)
FNDA:7,respawn
FNDA:2,(anonymous_12)
FNDA:2,respawnNext
FNDA:3,(anonymous_14)
FNDA:1,(anonymous_15)
FNDA:3,abort
FNDA:2,respawnPending
DA:5,2
DA:12,5
DA:19,2
DA:20,1
DA:21,1
DA:25,2
DA:33,15
DA:34,5
DA:35,5
DA:38,10
DA:39,10
DA:40,10
DA:42,15
DA:44,7
DA:47,9
DA:49,8
DA:50,7
DA:52,1
DA:55,1
DA:56,1
DA:57,1
DA:61,1
DA:62,1
DA:63,1
DA:67,7
DA:70,7
DA:71,7
DA:72,9
DA:75,7
DA:76,2
DA:77,2
DA:78,1
DA:79,1
DA:85,7
DA:86,1
DA:90,7
DA:91,2
DA:92,2
DA:93,2
DA:96,2
DA:97,2
DA:99,3
DA:101,1
DA:102,1
DA:103,1
DA:104,1
DA:105,0
DA:106,1
DA:107,1
DA:108,1
DA:110,1
DA:111,1
DA:114,1
DA:116,0
DA:117,0
DA:119,0
DA:120,0
DA:126,2
DA:127,2
DA:128,2
DA:131,0
LF:61
LH:55
BRDA:33,0,0,5
BRDA:33,0,1,10
BRDA:33,1,0,15
BRDA:33,1,1,13
BRDA:33,1,2,12
BRDA:40,2,0,10
BRDA:40,2,1,10
BRDA:40,2,2,10
BRDA:49,3,0,7
BRDA:49,3,1,1
BRDA:67,4,0,7
BRDA:67,4,1,7
BRDA:67,4,2,6
BRDA:77,5,0,1
BRDA:77,5,1,1
BRDA:78,6,0,1
BRDA:78,6,1,0
BRDA:99,7,0,1
BRDA:99,7,1,2
BRDA:104,8,0,0
BRDA:104,8,1,1
BRDA:116,9,0,0
BRDA:116,9,1,0
BRDA:118,10,0,0
BRDA:118,10,1,0
BRDA:33,11,0,15
BRDA:33,11,1,13
BRDA:33,11,2,12
BRDA:40,12,0,10
BRDA:40,12,1,10
BRDA:40,12,2,10
BRDA:67,13,0,7
BRDA:67,13,1,7
BRDA:67,13,2,6
BRDA:78,14,0,1
BRDA:78,14,1,0
BRDA:104,15,0,0
BRDA:104,15,1,1
BRDA:118,16,0,0
BRDA:118,16,1,0
BRF:40
BRH:30
end_of_record
TN:
SF:packages/core/lib/LinkedDataFragmentsServer.d.ts
FNF:0
FNH:0
LF:0
LH:0
BRF:0
BRH:0
end_of_record
TN:
SF:packages/core/lib/LinkedDataFragmentsServer.ts
FN:49,_processRequest
FN:62,(anonymous_1)
FN:74,nextController
FN:88,(anonymous_3)
FN:93,_reportError
FN:119,stop
FN:126,(anonymous_6)
FN:141,createServer
FN:172,(anonymous_8)
FN:173,(anonymous_9)
FN:178,(anonymous_10)
FN:181,(anonymous_11)
FN:187,readHttpsOption
FN:49,_processRequest
FN:62,(anonymous_1)
FN:74,nextController
FN:88,(anonymous_3)
FN:93,_reportError
FN:119,stop
FN:126,(anonymous_6)
FN:141,createServer
FN:172,(anonymous_8)
FN:173,(anonymous_9)
FN:178,(anonymous_10)
FN:181,(anonymous_11)
FN:187,readHttpsOption
FNF:26
FNH:20
FNDA:14,_processRequest
FNDA:0,(anonymous_1)
FNDA:20,nextController
FNDA:6,(anonymous_3)
FNDA:10,_reportError
FNDA:3,stop
FNDA:2,(anonymous_6)
FNDA:14,createServer
FNDA:1,(anonymous_8)
FNDA:14,(anonymous_9)
FNDA:15,(anonymous_10)
FNDA:15,(anonymous_11)
FNDA:9,readHttpsOption
FNDA:0,_processRequest
FNDA:14,(anonymous_1)
FNDA:14,nextController
FNDA:14,(anonymous_3)
FNDA:0,_reportError
FNDA:0,stop
FNDA:3,(anonymous_6)
FNDA:0,createServer
FNDA:14,(anonymous_8)
FNDA:14,(anonymous_9)
FNDA:14,(anonymous_10)
FNDA:15,(anonymous_11)
FNDA:0,readHttpsOption
DA:4,2
DA:5,2
DA:6,2
DA:7,2
DA:8,2
DA:9,2
DA:10,2
DA:51,14
DA:52,15
DA:55,13
DA:58,8
DA:62,3
DA:63,3
DA:64,3
DA:67,2
DA:68,2
DA:69,2
DA:73,11
DA:76,20
DA:77,3
DA:79,17
DA:80,3
DA:83,14
DA:84,14
DA:85,2
DA:88,11
DA:89,11
DA:95,10
DA:96,1
DA:97,1
DA:98,1
DA:99,1
DA:103,9
DA:106,9
DA:108,9
DA:109,1
DA:110,1
DA:112,8
DA:113,8
DA:115,1
DA:121,3
DA:122,3
DA:123,1
DA:126,3
DA:127,2
DA:128,1
DA:139,5
DA:143,14
DA:144,14
DA:145,14
DA:147,9
DA:148,9
DA:150,4
DA:152,4
DA:153,1
DA:154,4
DA:155,4
DA:157,1
DA:161,13
DA:162,13
DA:163,14
DA:164,14
DA:165,14
DA:166,14
DA:167,14
DA:168,14
DA:169,14
DA:172,14
DA:173,14
DA:174,14
DA:175,14
DA:176,1
DA:178,14
DA:179,15
DA:180,15
DA:181,15
DA:183,14
DA:189,9
DA:190,1
DA:192,8
DA:193,6
DA:196,2
LF:82
LH:82
BRDA:55,0,0,8
BRDA:55,0,1,2
BRDA:55,0,2,3
BRDA:55,0,3,2
BRDA:76,1,0,3
BRDA:76,1,1,17
BRDA:79,2,0,3
BRDA:79,2,1,14
BRDA:95,3,0,1
BRDA:95,3,1,9
BRDA:108,4,0,1
BRDA:108,4,1,8
BRDA:108,5,0,9
BRDA:108,5,1,9
BRDA:127,6,0,2
BRDA:127,6,1,2
BRDA:144,7,0,5
BRDA:144,7,1,9
BRDA:144,8,0,14
BRDA:144,8,1,14
BRDA:145,9,0,9
BRDA:145,9,1,4
BRDA:145,9,2,1
BRDA:150,10,0,4
BRDA:150,10,1,0
BRDA:150,11,0,4
BRDA:150,11,1,3
BRDA:152,12,0,1
BRDA:152,12,1,3
BRDA:162,13,0,13
BRDA:162,13,1,0
BRDA:163,14,0,14
BRDA:163,14,1,13
BRDA:164,15,0,14
BRDA:164,15,1,4
BRDA:166,16,0,14
BRDA:166,16,1,2
BRDA:166,16,2,11
BRDA:189,17,0,1
BRDA:189,17,1,8
BRDA:192,18,0,6
BRDA:192,18,1,2
BRDA:192,19,0,8
BRDA:192,19,1,8
BRDA:108,20,0,9
BRDA:108,20,1,9
BRDA:127,21,0,2
BRDA:127,21,1,2
BRDA:144,22,0,5
BRDA:144,22,1,9
BRDA:144,23,0,14
BRDA:144,23,1,14
BRDA:150,24,0,4
BRDA:150,24,1,0
BRDA:150,25,0,4
BRDA:150,25,1,3
BRDA:162,26,0,13
BRDA:162,26,1,0
BRDA:163,27,0,14
BRDA:163,27,1,13
BRDA:164,28,0,14
BRDA:164,28,1,4
BRDA:166,29,0,14
BRDA:166,29,1,2
BRDA:166,29,2,11
BRDA:192,30,0,8
BRDA:192,30,1,8
BRF:67
BRH:63
end_of_record
TN:
SF:packages/core/lib/LinkedDataFragmentsServerWorker.d.ts
FNF:0
FNH:0
LF:0
LH:0
BRF:0
BRH:0
end_of_record
TN:
SF:packages/core/lib/LinkedDataFragmentsServerWorker.ts
FN:16,constructor
FN:25,(anonymous_1)
FN:28,datasourceError
FN:40,(anonymous_3)
FN:41,(anonymous_4)
FN:42,(anonymous_5)
FN:50,(anonymous_6)
FN:53,(anonymous_7)
FN:62,run
FN:80,startWhenReady
FN:90,(anonymous_10)
FN:94,(anonymous_11)
FN:16,constructor
FN:25,(anonymous_1)
FN:28,datasourceError
FN:40,(anonymous_3)
FN:41,(anonymous_4)
FN:42,(anonymous_5)
FN:50,(anonymous_6)
FN:53,(anonymous_7)
FN:62,run
FN:80,startWhenReady
FN:90,(anonymous_10)
FN:94,(anonymous_11)
FNF:24
FNH:0
FNDA:0,constructor
FNDA:0,(anonymous_1)
FNDA:0,datasourceError
FNDA:0,(anonymous_3)
FNDA:0,(anonymous_4)
FNDA:0,(anonymous_5)
FNDA:0,(anonymous_6)
FNDA:0,(anonymous_7)
FNDA:0,run
FNDA:0,startWhenReady
FNDA:0,(anonymous_10)
FNDA:0,(anonymous_11)
FNDA:0,constructor
FNDA:0,(anonymous_1)
FNDA:0,datasourceError
FNDA:0,(anonymous_3)
FNDA:0,(anonymous_4)
FNDA:0,(anonymous_5)
FNDA:0,(anonymous_6)
FNDA:0,(anonymous_7)
FNDA:0,run
FNDA:0,startWhenReady
FNDA:0,(anonymous_10)
FNDA:0,(anonymous_11)
DA:4,2
DA:5,2
DA:6,2
DA:13,2
DA:17,0
DA:18,0
DA:19,0
DA:20,0
DA:21,0
DA:22,0
DA:25,0
DA:26,0
DA:27,0
DA:29,0
DA:30,0
DA:35,0
DA:37,0
DA:38,0
DA:39,0
DA:40,0
DA:41,0
DA:42,0
DA:43,0
DA:50,0
DA:51,0
DA:53,0
DA:54,0
DA:56,0
DA:58,0
DA:63,0
DA:64,0
DA:65,0
DA:66,0
DA:69,0
DA:70,0
DA:71,0
DA:73,0
DA:74,0
DA:75,0
DA:78,0
DA:81,0
DA:82,0
DA:84,0
DA:90,0
DA:92,0
DA:93,0
DA:94,0
LF:47
LH:4
BRDA:17,0,0,0
BRDA:17,0,1,0
BRDA:19,1,0,0
BRDA:19,1,1,0
BRDA:21,2,0,0
BRDA:21,2,1,0
BRDA:38,3,0,0
BRDA:38,3,1,0
BRDA:43,4,0,0
BRDA:43,4,1,0
BRDA:64,5,0,0
BRDA:64,5,1,0
BRDA:81,6,0,0
BRDA:81,6,1,0
BRDA:43,7,0,0
BRDA:43,7,1,0
BRF:16
BRH:0
end_of_record
TN:
SF:packages/core/lib/N3ParserExtended.d.ts
FNF:0
FNH:0
LF:0
LH:0
BRF:0
BRH:0
end_of_record
TN:
SF:packages/core/lib/N3ParserExtended.ts
FN:28,prefixMap
FN:35,parse
FN:39,resetBlankNodePrefix
FN:28,prefixMap
FN:35,parse
FN:39,resetBlankNodePrefix
FNF:6
FNH:3
FNDA:7,prefixMap
FNDA:10,parse
FNDA:5,resetBlankNodePrefix
FNDA:0,prefixMap
FNDA:0,parse
FNDA:0,resetBlankNodePrefix
DA:8,0
DA:27,0
DA:29,7
DA:36,10
DA:40,3
LF:5
LH:3
BRF:0
BRH:0
end_of_record
TN:
SF:packages/core/lib/UrlData.d.ts
FNF:0
FNH:0
LF:0
LH:0
BRF:0
BRH:0
end_of_record
TN:
SF:packages/core/lib/UrlData.ts
FN:21,constructor
FN:21,constructor
FNF:2
FNH:2
FNDA:136,constructor
FNDA:4,constructor
DA:11,2
DA:23,136
DA:24,136
DA:25,136
DA:26,136
DA:27,136
DA:28,136
DA:29,136
DA:30,136
DA:31,136
DA:32,136
LF:11
LH:11
BRDA:23,0,0,132
BRDA:23,0,1,121
BRDA:24,1,0,136
BRDA:24,1,1,130
BRDA:27,2,0,4
BRDA:27,2,1,128
BRDA:28,3,0,4
BRDA:28,3,1,128
BRDA:30,4,0,132
BRDA:30,4,1,0
BRDA:31,5,0,136
BRDA:31,5,1,0
BRDA:32,6,0,132
BRDA:32,6,1,126
BRDA:32,7,0,4
BRDA:32,7,1,122
BRDA:23,8,0,136
BRDA:23,8,1,123
BRDA:24,9,0,136
BRDA:24,9,1,130
BRDA:27,10,0,6
BRDA:27,10,1,130
BRDA:28,11,0,6
BRDA:28,11,1,130
BRDA:30,12,0,136
BRDA:30,12,1,0
BRDA:31,13,0,136
BRDA:31,13,1,0
BRDA:32,14,0,136
BRDA:32,14,1,130
BRDA:32,15,0,6
BRDA:32,15,1,124
BRF:32
BRH:28
end_of_record
TN:
SF:packages/core/lib/Util.d.ts
FNF:0
FNH:0
LF:0
LH:0
BRF:0
BRH:0
end_of_record
TN:
SF:packages/core/lib/Util.ts
FN:4,toRegExp
FN:13,toError
FN:33,createErrorType
FN:52,ErrorType
FN:4,toRegExp
FN:13,toError
FN:33,createErrorType
FN:52,ErrorType
FNF:8
FNH:6
FNDA:16,toRegExp
FNDA:22,toError
FNDA:16,createErrorType
FNDA:13,ErrorType
FNDA:0,toRegExp
FNDA:0,toError
FNDA:2,createErrorType
FNDA:14,ErrorType
DA:4,2
DA:5,16
DA:9,16
DA:13,2
DA:14,22
DA:33,2
DA:41,16
DA:42,16
DA:43,16
DA:44,16
DA:47,0
DA:48,0
DA:49,0
DA:53,13
DA:54,13
DA:55,13
DA:56,13
DA:57,13
DA:58,13
DA:60,16
DA:61,16
DA:62,16
DA:63,16
LF:23
LH:20
BRDA:14,0,0,22
BRDA:14,0,1,0
BRDA:41,1,0,16
BRDA:41,1,1,0
BRDA:53,2,0,13
BRDA:53,2,1,0
BRDA:55,3,0,13
BRDA:55,3,1,0
BRDA:57,4,0,13
BRDA:57,4,1,0
BRDA:14,5,0,22
BRDA:14,5,1,0
BRDA:53,6,0,13
BRDA:53,6,1,0
BRDA:55,7,0,13
BRDA:55,7,1,0
BRDA:57,8,0,13
BRDA:57,8,1,0
BRF:18
BRH:9
end_of_record
TN:
SF:packages/core/lib/types.d.ts
FNF:0
FNH:0
LF:0
LH:0
BRF:0
BRH:0
end_of_record
TN:
SF:packages/core/lib/types.ts
FNF:0
FNH:0
LF:0
LH:0
BRF:0
BRH:0
end_of_record
TN:
SF:packages/core/lib/controllers/AssetsController.d.ts
FNF:0
FNH:0
LF:0
LH:0
BRF:0
BRH:0
end_of_record
TN:
SF:packages/core/lib/controllers/AssetsController.ts
FN:22,constructor
FN:38,_readAssetsFolder
FN:41,(anonymous_2)
FN:58,_handleRequest
FN:22,constructor
FN:38,_readAssetsFolder
FN:41,(anonymous_2)
FN:58,_handleRequest
FNF:8
FNH:5
FNDA:3,constructor
FNDA:9,_readAssetsFolder
FNDA:15,(anonymous_2)
FNDA:6,_handleRequest
FNDA:0,constructor
FNDA:0,_readAssetsFolder
FNDA:9,(anonymous_2)
FNDA:0,_handleRequest
DA:4,2
DA:5,2
DA:6,2
DA:7,2
DA:8,2
DA:9,2
DA:18,2
DA:23,3
DA:24,3
DA:27,3
DA:28,3
DA:31,3
DA:32,3
DA:33,3
DA:34,3
DA:39,9
DA:40,3
DA:41,9
DA:42,15
DA:44,15
DA:45,9
DA:46,9
DA:52,6
DA:53,6
DA:59,6
DA:60,6
DA:61,3
DA:65,3
DA:68,3
LF:29
LH:29
BRDA:23,0,0,3
BRDA:23,0,1,2
BRDA:27,1,0,3
BRDA:27,1,1,0
BRDA:27,2,0,3
BRDA:27,2,1,2
BRDA:31,3,0,3
BRDA:31,3,1,3
BRDA:39,4,0,3
BRDA:39,4,1,6
BRDA:44,5,0,9
BRDA:44,5,1,6
BRDA:47,6,0,6
BRDA:47,6,1,3
BRDA:52,7,0,6
BRDA:52,7,1,0
BRDA:60,8,0,3
BRDA:60,8,1,3
BRDA:60,9,0,6
BRDA:60,9,1,4
BRDA:60,10,0,4
BRDA:60,10,1,1
BRDA:23,11,0,3
BRDA:23,11,1,2
BRDA:27,12,0,3
BRDA:27,12,1,0
BRDA:27,13,0,3
BRDA:27,13,1,2
BRDA:31,14,0,3
BRDA:31,14,1,3
BRDA:47,15,0,6
BRDA:47,15,1,3
BRDA:60,16,0,6
BRDA:60,16,1,4
BRDA:60,17,0,4
BRDA:60,17,1,1
BRF:36
BRH:33
end_of_record
TN:
SF:packages/core/lib/controllers/Controller.d.ts
FNF:0
FNH:0
LF:0
LH:0
BRF:0
BRH:0
end_of_record
TN:
SF:packages/core/lib/controllers/Controller.ts
FN:32,isViewCollection
FN:53,constructor
FN:56,(anonymous_2)
FN:64,(anonymous_3)
FN:79,handleRequest
FN:97,done
FN:112,_getForwarded
FN:129,_getXForwardHeaders
FN:141,_handleRequest
FN:146,_handleNotAcceptable
FN:155,_negotiateView
FN:166,close
FN:32,isViewCollection
FN:53,constructor
FN:56,(anonymous_2)
FN:64,(anonymous_3)
FN:79,handleRequest
FN:97,done
FN:112,_getForwarded
FN:129,_getXForwardHeaders
FN:141,_handleRequest
FN:146,_handleNotAcceptable
FN:155,_negotiateView
FN:166,close
FNF:24
FNH:14
FNDA:48,isViewCollection
FNDA:48,constructor
FNDA:6,(anonymous_2)
FNDA:576,(anonymous_3)
FNDA:45,handleRequest
FNDA:35,done
FNDA:45,_getForwarded
FNDA:45,_getXForwardHeaders
FNDA:5,_handleRequest
FNDA:2,_handleNotAcceptable
FNDA:24,_negotiateView
FNDA:0,close
FNDA:0,isViewCollection
FNDA:0,constructor
FNDA:48,(anonymous_2)
FNDA:48,(anonymous_3)
FNDA:0,handleRequest
FNDA:45,done
FNDA:0,_getForwarded
FNDA:0,_getXForwardHeaders
FNDA:0,_handleRequest
FNDA:0,_handleNotAcceptable
FNDA:0,_negotiateView
FNDA:0,close
DA:4,2
DA:6,2
DA:7,2
DA:8,2
DA:9,2
DA:29,12
DA:33,48
DA:41,2
DA:54,48
DA:55,48
DA:56,48
DA:58,6
DA:59,6
DA:61,48
DA:64,48
DA:65,576
DA:82,45
DA:86,45
DA:94,45
DA:95,45
DA:96,17
DA:98,35
DA:100,35
DA:101,10
DA:102,25
DA:103,25
DA:113,45
DA:114,43
DA:115,2
DA:116,2
DA:117,2
DA:122,1
DA:130,45
DA:142,5
DA:147,2
DA:148,2
DA:157,24
DA:158,24
DA:160,24
DA:161,24
DA:162,24
LF:41
LH:41
BRDA:54,0,0,48
BRDA:54,0,1,5
BRDA:55,1,0,48
BRDA:55,1,1,46
BRDA:56,2,0,48
BRDA:56,2,1,42
BRDA:61,3,0,0
BRDA:61,3,1,48
BRDA:64,4,0,48
BRDA:64,4,1,36
BRDA:65,5,0,69
BRDA:65,5,1,507
BRDA:65,6,0,576
BRDA:65,6,1,170
BRDA:82,7,0,45
BRDA:82,7,1,0
BRDA:98,8,0,35
BRDA:98,8,1,0
BRDA:100,9,0,10
BRDA:100,9,1,25
BRDA:113,10,0,43
BRDA:113,10,1,2
BRDA:118,11,0,1
BRDA:118,11,1,0
BRDA:131,12,0,1
BRDA:131,12,1,44
BRDA:158,13,0,0
BRDA:158,13,1,24
BRDA:161,14,0,24
BRDA:161,14,1,0
BRDA:54,15,0,48
BRDA:54,15,1,5
BRDA:55,16,0,48
BRDA:55,16,1,46
BRDA:56,17,0,48
BRDA:56,17,1,42
BRDA:61,18,0,0
BRDA:61,18,1,48
BRDA:64,19,0,48
BRDA:64,19,1,36
BRDA:65,20,0,69
BRDA:65,20,1,507
BRDA:65,21,0,576
BRDA:65,21,1,170
BRDA:118,22,0,1
BRDA:118,22,1,0
BRDA:131,23,0,1
BRDA:131,23,1,44
BRDA:158,24,0,0
BRDA:158,24,1,24
BRDA:161,25,0,24
BRDA:161,25,1,0
BRF:52
BRH:42
end_of_record
TN:
SF:packages/core/lib/controllers/DereferenceController.d.ts
FNF:0
FNH:0
LF:0
LH:0
BRF:0
BRH:0
end_of_record
TN:
SF:packages/core/lib/controllers/DereferenceController.ts
FN:16,constructor
FN:26,_handleRequest
FN:16,constructor
FN:26,_handleRequest
FNF:4
FNH:2
FNDA:2,constructor
FNDA:2,_handleRequest
FNDA:0,constructor
FNDA:0,_handleRequest
DA:4,2
DA:5,2
DA:6,2
DA:7,2
DA:12,2
DA:17,2
DA:18,2
DA:19,2
DA:20,2
DA:21,2
DA:22,1
DA:27,2
DA:28,2
DA:29,1
DA:33,1
DA:34,1
DA:37,1
LF:17
LH:17
BRDA:17,0,0,2
BRDA:17,0,1,1
BRDA:19,1,0,2
BRDA:19,1,1,1
BRDA:21,2,0,1
BRDA:21,2,1,1
BRDA:28,3,0,1
BRDA:28,3,1,1
BRDA:28,4,0,2
BRDA:28,4,1,1
BRDA:17,5,0,2
BRDA:17,5,1,1
BRDA:19,6,0,2
BRDA:19,6,1,1
BRDA:28,7,0,2
BRDA:28,7,1,1
BRF:16
BRH:16
end_of_record
TN:
SF:packages/core/lib/controllers/ErrorController.d.ts
FNF:0
FNH:0
LF:0
LH:0
BRF:0
BRH:0
end_of_record
TN:
SF:packages/core/lib/controllers/ErrorController.ts
FN:10,constructor
FN:15,_handleRequest
FN:25,_handleNotAcceptable
FN:10,constructor
FN:15,_handleRequest
FN:25,_handleNotAcceptable
FNF:6
FNH:3
FNDA:13,constructor
FNDA:7,_handleRequest
FNDA:7,_handleNotAcceptable
FNDA:0,constructor
FNDA:0,_handleRequest
FNDA:0,_handleNotAcceptable
DA:4,2
DA:5,2
DA:9,2
DA:11,13
DA:17,7
DA:18,7
DA:19,7
DA:20,7
DA:21,7
DA:26,7
DA:27,7
LF:11
LH:11
BRDA:17,0,0,7
BRDA:17,0,1,0
BRDA:17,1,0,7
BRDA:17,1,1,0
BRF:4
BRH:2
end_of_record
TN:
SF:packages/core/lib/controllers/NotFoundController.d.ts
FNF:0
FNH:0
LF:0
LH:0
BRF:0
BRH:0
end_of_record
TN:
SF:packages/core/lib/controllers/NotFoundController.ts
FN:10,constructor
FN:16,_handleRequest
FN:28,_handleNotAcceptable
FN:10,constructor
FN:16,_handleRequest
FN:28,_handleNotAcceptable
FNF:6
FNH:3
FNDA:3,constructor
FNDA:3,_handleRequest
FNDA:1,_handleNotAcceptable
FNDA:0,constructor
FNDA:0,_handleRequest
FNDA:0,_handleNotAcceptable
DA:4,2
DA:5,2
DA:9,2
DA:11,3
DA:12,3
DA:18,3
DA:21,3
DA:22,3
DA:23,3
DA:24,3
DA:29,1
DA:30,1
LF:12
LH:12
BRF:0
BRH:0
end_of_record
TN:
SF:packages/core/lib/controllers/index.d.ts
FNF:0
FNH:0
LF:0
LH:0
BRF:0
BRH:0
end_of_record
TN:
SF:packages/core/lib/controllers/index.ts
FN:4,get
FN:5,get_2
FN:6,get_3
FN:7,get_4
FN:8,get_5
FNF:5
FNH:5
FNDA:2,get
FNDA:2,get_2
FNDA:2,get_3
FNDA:2,get_4
FNDA:2,get_5
DA:4,2
DA:5,2
DA:6,2
DA:7,2
DA:8,2
LF:5
LH:5
BRF:0
BRH:0
end_of_record
TN:
SF:packages/core/lib/datasources/Datasource.d.ts
FNF:0
FNH:0
LF:0
LH:0
BRF:0
BRH:0
end_of_record
TN:
SF:packages/core/lib/datasources/Datasource.ts
FN:38,constructor
FN:90,initialize
FN:98,(anonymous_2)
FN:102,(anonymous_3)
FN:110,_initialize
FN:115,supportsQuery
FN:140,select
FN:170,(anonymous_7)
FN:194,_executeQuery
FN:199,_fetch
FN:207,(anonymous_10)
FN:209,(anonymous_11)
FN:221,(anonymous_12)
FN:228,(anonymous_13)
FN:236,close
FN:38,constructor
FN:90,initialize
FN:98,(anonymous_2)
FN:110,_initialize
FN:115,supportsQuery
FN:140,select
FN:170,(anonymous_7)
FN:194,_executeQuery
FN:199,_fetch
FN:207,(anonymous_10)
FN:209,(anonymous_11)
FN:221,(anonymous_12)
FN:228,(anonymous_13)
FN:236,close
FNF:29
FNH:21
FNDA:71,constructor
FNDA:40,initialize
FNDA:33,(anonymous_2)
FNDA:5,(anonymous_3)
FNDA:11,_initialize
FNDA:229,supportsQuery
FNDA:216,select
FNDA:7397,(anonymous_7)
FNDA:2,_executeQuery
FNDA:12,_fetch
FNDA:2,(anonymous_10)
FNDA:1,(anonymous_11)
FNDA:1,(anonymous_12)
FNDA:4,(anonymous_13)
FNDA:19,close
FNDA:0,constructor
FNDA:0,initialize
FNDA:40,(anonymous_2)
FNDA:0,_initialize
FNDA:0,supportsQuery
FNDA:0,select
FNDA:216,(anonymous_7)
FNDA:0,_executeQuery
FNDA:0,_fetch
FNDA:12,(anonymous_10)
FNDA:2,(anonymous_11)
FNDA:12,(anonymous_12)
FNDA:12,(anonymous_13)
FNDA:0,close
DA:4,2
DA:5,2
DA:6,2
DA:7,2
DA:9,2
DA:14,2
DA:39,71
DA:42,71
DA:43,71
DA:44,71
DA:45,71
DA:46,71
DA:47,71
DA:48,71
DA:49,71
DA:50,71
DA:51,71
DA:52,1
DA:53,71
DA:54,71
DA:55,71
DA:56,71
DA:57,71
DA:58,71
DA:59,71
DA:60,71
DA:61,71
DA:62,71
DA:63,2
DA:64,2
DA:65,2
DA:66,2
DA:67,2
DA:69,71
DA:72,71
DA:75,71
DA:76,60
DA:77,60
DA:78,297
DA:79,60
DA:82,11
DA:83,71
DA:84,1
DA:85,71
DA:91,40
DA:92,1
DA:93,1
DA:96,39
DA:97,39
DA:99,33
DA:100,33
DA:102,5
DA:105,1
DA:117,229
DA:118,1
DA:121,228
DA:122,228
DA:123,121
DA:124,191
DA:125,8
DA:127,113
DA:131,107
DA:132,106
DA:133,106
DA:135,1
DA:141,216
DA:142,1
DA:143,1
DA:145,215
DA:146,2
DA:147,2
DA:149,213
DA:152,213
DA:153,213
DA:154,2
DA:155,213
DA:156,2
DA:157,213
DA:158,0
DA:161,213
DA:162,0
DA:165,213
DA:166,7
DA:169,213
DA:170,213
DA:171,7397
DA:173,7397
DA:174,69
DA:175,7397
DA:176,29
DA:177,7397
DA:178,0
DA:180,7397
DA:181,43
DA:182,7397
DA:184,213
DA:185,213
DA:188,216
DA:189,2
DA:190,212
DA:195,2
DA:201,12
DA:202,12
DA:206,2
DA:207,2
DA:208,2
DA:209,1
DA:210,1
DA:214,2
DA:217,9
DA:218,9
DA:220,1
DA:221,1
DA:222,1
DA:228,12
DA:229,4
DA:230,1
DA:232,12
DA:237,19
LF:119
LH:116
BRDA:42,0,0,71
BRDA:42,0,1,2
BRDA:43,1,0,71
BRDA:43,1,1,70
BRDA:44,2,0,71
BRDA:44,2,1,71
BRDA:46,3,0,71
BRDA:46,3,1,71
BRDA:51,4,0,1
BRDA:51,4,1,70
BRDA:60,5,0,71
BRDA:60,5,1,67
BRDA:62,6,0,2
BRDA:62,6,1,69
BRDA:69,7,0,1
BRDA:69,7,1,70
BRDA:75,8,0,60
BRDA:75,8,1,11
BRDA:75,9,0,71
BRDA:75,9,1,60
BRDA:83,10,0,1
BRDA:83,10,1,70
BRDA:91,11,0,1
BRDA:91,11,1,39
BRDA:117,12,0,1
BRDA:117,12,1,228
BRDA:122,13,0,121
BRDA:122,13,1,107
BRDA:124,14,0,8
BRDA:124,14,1,183
BRDA:124,15,0,191
BRDA:124,15,1,187
BRDA:132,16,0,106
BRDA:132,16,1,0
BRDA:141,17,0,1
BRDA:141,17,1,215
BRDA:142,18,0,1
BRDA:142,18,1,1
BRDA:145,19,0,2
BRDA:145,19,1,213
BRDA:146,20,0,2
BRDA:146,20,1,2
BRDA:153,21,0,2
BRDA:153,21,1,211
BRDA:153,22,0,213
BRDA:153,22,1,29
BRDA:153,22,2,27
BRDA:155,23,0,2
BRDA:155,23,1,211
BRDA:155,24,0,213
BRDA:155,24,1,41
BRDA:155,24,2,33
BRDA:157,25,0,0
BRDA:157,25,1,213
BRDA:157,26,0,213
BRDA:157,26,1,48
BRDA:157,26,2,30
BRDA:161,27,0,0
BRDA:161,27,1,213
BRDA:165,28,0,7
BRDA:165,28,1,206
BRDA:165,29,0,213
BRDA:165,29,1,27
BRDA:165,29,2,9
BRDA:173,30,0,69
BRDA:173,30,1,7328
BRDA:173,31,0,7397
BRDA:173,31,1,5384
BRDA:173,31,2,69
BRDA:175,32,0,29
BRDA:175,32,1,7368
BRDA:175,33,0,7397
BRDA:175,33,1,5384
BRDA:175,33,2,29
BRDA:177,34,0,0
BRDA:177,34,1,7397
BRDA:177,35,0,7397
BRDA:177,35,1,5384
BRDA:177,35,2,0
BRDA:180,36,0,43
BRDA:180,36,1,7354
BRDA:180,37,0,7397
BRDA:180,37,1,46
BRDA:180,37,2,46
BRDA:185,38,0,213
BRDA:185,38,1,3
BRDA:202,39,0,1
BRDA:202,39,1,2
BRDA:202,39,2,9
BRDA:202,39,3,1
BRDA:202,40,0,12
BRDA:202,40,1,3
BRDA:208,41,0,1
BRDA:208,41,1,1
BRDA:229,42,0,1
BRDA:229,42,1,3
BRDA:237,43,0,19
BRDA:237,43,1,18
BRDA:42,44,0,71
BRDA:42,44,1,2
BRDA:43,45,0,71
BRDA:43,45,1,70
BRDA:44,46,0,71
BRDA:44,46,1,71
BRDA:46,47,0,71
BRDA:46,47,1,71
BRDA:60,48,0,71
BRDA:60,48,1,67
BRDA:69,49,0,1
BRDA:69,49,1,70
BRDA:75,50,0,71
BRDA:75,50,1,60
BRDA:124,51,0,191
BRDA:124,51,1,187
BRDA:142,52,0,1
BRDA:142,52,1,1
BRDA:146,53,0,2
BRDA:146,53,1,2
BRDA:153,54,0,213
BRDA:153,54,1,29
BRDA:153,54,2,27
BRDA:155,55,0,213
BRDA:155,55,1,41
BRDA:155,55,2,33
BRDA:157,56,0,213
BRDA:157,56,1,48
BRDA:157,56,2,30
BRDA:165,57,0,213
BRDA:165,57,1,27
BRDA:165,57,2,9
BRDA:173,58,0,7397
BRDA:173,58,1,5384
BRDA:173,58,2,69
BRDA:175,59,0,7397
BRDA:175,59,1,5384
BRDA:175,59,2,29
BRDA:177,60,0,7397
BRDA:177,60,1,5384
BRDA:177,60,2,0
BRDA:180,61,0,7397
BRDA:180,61,1,46
BRDA:180,61,2,46
BRDA:185,62,0,213
BRDA:185,62,1,3
BRDA:202,63,0,12
BRDA:202,63,1,3
BRDA:237,64,0,19
BRDA:237,64,1,18
BRF:148
BRH:142
end_of_record
TN:
SF:packages/core/lib/datasources/EmptyDatasource.d.ts
FNF:0
FNH:0
LF:0
LH:0
BRF:0
BRH:0
end_of_record
TN:
SF:packages/core/lib/datasources/EmptyDatasource.ts
FN:10,constructor
FN:15,_getAllQuads
FN:10,constructor
FN:15,_getAllQuads
FNF:4
FNH:0
FNDA:0,constructor
FNDA:0,_getAllQuads
FNDA:0,constructor
FNDA:0,_getAllQuads
DA:5,2
DA:9,2
DA:11,0
DA:15,0
LF:4
LH:2
BRF:0
BRH:0
end_of_record
TN:
SF:packages/core/lib/datasources/IndexDatasource.d.ts
FNF:0
FNH:0
LF:0
LH:0
BRF:0
BRH:0
end_of_record
TN:
SF:packages/core/lib/datasources/IndexDatasource.ts
FN:18,constructor
FN:26,_getAllQuads
FN:18,constructor
FN:26,_getAllQuads
FNF:4
FNH:0
FNDA:0,constructor
FNDA:0,_getAllQuads
FNDA:0,constructor
FNDA:0,_getAllQuads
DA:5,2
DA:8,4
DA:9,4
DA:10,4
DA:11,4
DA:14,2
DA:19,0
DA:20,0
DA:21,0
DA:22,0
DA:27,0
DA:28,0
DA:29,0
DA:30,0
DA:31,0
DA:32,0
DA:33,0
DA:34,0
DA:37,0
DA:38,0
LF:20
LH:6
BRDA:20,0,0,0
BRDA:20,0,1,0
BRDA:30,1,0,0
BRDA:30,1,1,0
BRDA:30,2,0,0
BRDA:30,2,1,0
BRDA:32,3,0,0
BRDA:32,3,1,0
BRDA:33,4,0,0
BRDA:33,4,1,0
BRDA:34,5,0,0
BRDA:34,5,1,0
BRDA:20,6,0,0
BRDA:20,6,1,0
BRDA:30,7,0,0
BRDA:30,7,1,0
BRDA:32,8,0,0
BRDA:32,8,1,0
BRDA:33,9,0,0
BRDA:33,9,1,0
BRDA:34,10,0,0
BRDA:34,10,1,0
BRF:22
BRH:0
end_of_record
TN:
SF:packages/core/lib/datasources/MemoryDatasource.d.ts
FNF:0
FNH:0
LF:0
LH:0
BRF:0
BRH:0
end_of_record
TN:
SF:packages/core/lib/datasources/MemoryDatasource.ts
FN:14,constructor
FN:26,_initialize
FN:27,(anonymous_2)
FN:29,(anonymous_3)
FN:29,(anonymous_4)
FN:38,_getAllQuads
FN:43,_executeQuery
FN:14,constructor
FN:26,_initialize
FN:27,(anonymous_2)
FN:29,(anonymous_3)
FN:29,(anonymous_4)
FN:38,_getAllQuads
FN:43,_executeQuery
FNF:14
FNH:10
FNDA:17,constructor
FNDA:7,_initialize
FNDA:7,(anonymous_2)
FNDA:532,(anonymous_3)
FNDA:6,(anonymous_4)
FNDA:1,_getAllQuads
FNDA:80,_executeQuery
FNDA:0,constructor
FNDA:0,_initialize
FNDA:7,(anonymous_2)
FNDA:7,(anonymous_3)
FNDA:7,(anonymous_4)
FNDA:0,_getAllQuads
FNDA:0,_executeQuery
DA:4,2
DA:6,2
DA:10,2
DA:15,17
DA:16,17
DA:17,17
DA:18,2
DA:19,1
DA:22,17
DA:27,7
DA:28,7
DA:29,532
DA:30,6
DA:31,1
DA:32,5
DA:39,1
DA:44,80
DA:45,80
DA:47,80
DA:49,80
DA:50,1628
DA:51,80
LF:22
LH:22
BRDA:17,0,0,2
BRDA:17,0,1,15
BRDA:18,1,0,1
BRDA:18,1,1,1
BRDA:18,2,0,2
BRDA:18,2,1,1
BRDA:18,2,2,1
BRDA:22,3,0,17
BRDA:22,3,1,17
BRDA:22,3,2,6
BRDA:30,4,0,1
BRDA:30,4,1,5
BRDA:44,5,0,80
BRDA:44,5,1,76
BRDA:44,6,0,80
BRDA:44,6,1,6
BRDA:45,7,0,80
BRDA:45,7,1,70
BRDA:45,8,0,80
BRDA:45,8,1,70
BRDA:45,9,0,80
BRDA:45,9,1,68
BRDA:45,10,0,80
BRDA:45,10,1,63
BRDA:18,11,0,2
BRDA:18,11,1,1
BRDA:18,11,2,1
BRDA:22,12,0,17
BRDA:22,12,1,17
BRDA:22,12,2,6
BRDA:44,13,0,80
BRDA:44,13,1,76
BRDA:44,14,0,80
BRDA:44,14,1,6
BRDA:45,15,0,80
BRDA:45,15,1,70
BRDA:45,16,0,80
BRDA:45,16,1,70
BRDA:45,17,0,80
BRDA:45,17,1,68
BRDA:45,18,0,80
BRDA:45,18,1,63
BRF:42
BRH:42
end_of_record
TN:
SF:packages/core/lib/datasources/index.d.ts
FNF:0
FNH:0
LF:0
LH:0
BRF:0
BRH:0
end_of_record
TN:
SF:packages/core/lib/datasources/index.ts
FN:4,get
FN:5,get_2
FN:6,get_3
FN:7,get_4
FNF:4
FNH:4
FNDA:2,get
FNDA:2,get_2
FNDA:2,get_3
FNDA:2,get_4
DA:4,2
DA:5,2
DA:6,2
DA:7,2
LF:4
LH:4
BRF:0
BRH:0
end_of_record
TN:
SF:packages/core/lib/routers/DatasourceRouter.d.ts
FNF:0
FNH:0
LF:0
LH:0
BRF:0
BRH:0
end_of_record
TN:
SF:packages/core/lib/routers/DatasourceRouter.ts
FN:11,constructor
FN:17,extractQueryParams
FN:11,constructor
FN:17,extractQueryParams
FNF:4
FNH:2
FNDA:3,constructor
FNDA:9,extractQueryParams
FNDA:0,constructor
FNDA:0,extractQueryParams
DA:4,2
DA:8,2
DA:12,3
DA:13,3
DA:18,9
DA:19,9
DA:20,9
LF:7
LH:7
BRDA:12,0,0,3
BRDA:12,0,1,1
BRDA:12,0,2,2
BRDA:18,1,0,9
BRDA:18,1,1,9
BRDA:19,2,0,9
BRDA:19,2,1,9
BRDA:19,2,2,0
BRDA:12,3,0,3
BRDA:12,3,1,1
BRDA:12,3,2,2
BRDA:18,4,0,9
BRDA:18,4,1,9
BRDA:19,5,0,9
BRDA:19,5,1,9
BRDA:19,5,2,0
BRF:16
BRH:14
end_of_record
TN:
SF:packages/core/lib/routers/PageRouter.d.ts
FNF:0
FNH:0
LF:0
LH:0
BRF:0
BRH:0
end_of_record
TN:
SF:packages/core/lib/routers/PageRouter.ts
FN:10,constructor
FN:17,extractQueryParams
FN:10,constructor
FN:17,extractQueryParams
FNF:4
FNH:2
FNDA:4,constructor
FNDA:17,extractQueryParams
FNDA:0,constructor
FNDA:0,extractQueryParams
DA:7,2
DA:11,4
DA:12,4
DA:13,4
DA:18,17
DA:19,17
DA:22,17
DA:25,17
DA:26,4
LF:9
LH:9
BRDA:11,0,0,4
BRDA:11,0,1,2
BRDA:13,1,0,1
BRDA:13,1,1,3
BRDA:13,2,0,4
BRDA:13,2,1,2
BRDA:13,2,2,2
BRDA:18,3,0,17
BRDA:18,3,1,17
BRDA:18,3,2,17
BRDA:19,4,0,17
BRDA:19,4,1,15
BRDA:25,5,0,4
BRDA:25,5,1,13
BRDA:25,6,0,17
BRDA:25,6,1,12
BRDA:25,6,2,8
BRDA:11,7,0,4
BRDA:11,7,1,2
BRDA:13,8,0,1
BRDA:13,8,1,3
BRDA:13,9,0,4
BRDA:13,9,1,2
BRDA:13,9,2,2
BRDA:18,10,0,17
BRDA:18,10,1,17
BRDA:18,10,2,17
BRDA:19,11,0,17
BRDA:19,11,1,15
BRDA:25,12,0,17
BRDA:25,12,1,12
BRDA:25,12,2,8
BRF:32
BRH:32
end_of_record
TN:
SF:packages/core/lib/routers/index.d.ts
FNF:0
FNH:0
LF:0
LH:0
BRF:0
BRH:0
end_of_record
TN:
SF:packages/core/lib/routers/index.ts
FN:4,get
FN:5,get_2
FNF:2
FNH:2
FNDA:2,get
FNDA:2,get_2
DA:4,2
DA:5,2
LF:2
LH:2
BRF:0
BRH:0
end_of_record
TN:
SF:packages/core/lib/views/HtmlView.d.ts
FNF:0
FNH:0
LF:0
LH:0
BRF:0
BRH:0
end_of_record
TN:
SF:packages/core/lib/views/HtmlView.ts
FN:20,constructor
FN:32,_renderTemplate
FN:45,(anonymous_2)
FN:46,(anonymous_3)
FN:48,newExtensionViewConstructor
FN:49,(anonymous_5)
FN:59,_renderViewExtensionContents
FN:60,write
FN:62,(anonymous_8)
FN:20,constructor
FN:32,_renderTemplate
FN:45,(anonymous_2)
FN:46,(anonymous_3)
FN:48,newExtensionViewConstructor
FN:49,(anonymous_5)
FN:59,_renderViewExtensionContents
FN:60,write
FN:62,(anonymous_8)
FNF:18
FNH:1
FNDA:2,constructor
FNDA:0,_renderTemplate
FNDA:0,(anonymous_2)
FNDA:0,(anonymous_3)
FNDA:0,newExtensionViewConstructor
FNDA:0,(anonymous_5)
FNDA:0,_renderViewExtensionContents
FNDA:0,write
FNDA:0,(anonymous_8)
FNDA:0,constructor
FNDA:0,_renderTemplate
FNDA:0,(anonymous_2)
FNDA:0,(anonymous_3)
FNDA:0,newExtensionViewConstructor
FNDA:0,(anonymous_5)
FNDA:0,_renderViewExtensionContents
FNDA:0,write
FNDA:0,(anonymous_8)
DA:4,2
DA:5,5
DA:6,2
DA:7,2
DA:8,2
DA:9,2
DA:16,5
DA:19,2
DA:21,2
DA:22,2
DA:23,2
DA:28,2
DA:34,0
DA:35,0
DA:36,0
DA:37,0
DA:38,0
DA:39,0
DA:43,0
DA:44,0
DA:45,0
DA:46,0
DA:49,0
DA:50,0
DA:51,0
DA:52,0
DA:53,0
DA:60,0
DA:61,0
DA:62,0
LF:30
LH:12
BRDA:21,0,0,2
BRDA:21,0,1,1
BRDA:22,1,0,2
BRDA:22,1,1,2
BRDA:25,2,0,2
BRDA:25,2,1,0
BRDA:25,3,0,2
BRDA:25,3,1,0
BRDA:26,4,0,2
BRDA:26,4,1,2
BRDA:34,5,0,0
BRDA:34,5,1,0
BRDA:36,6,0,0
BRDA:36,6,1,0
BRDA:38,7,0,0
BRDA:38,7,1,0
BRDA:43,8,0,0
BRDA:43,8,1,0
BRDA:21,9,0,2
BRDA:21,9,1,1
BRDA:22,10,0,2
BRDA:22,10,1,2
BRDA:25,11,0,2
BRDA:25,11,1,0
BRDA:25,12,0,2
BRDA:25,12,1,0
BRDA:26,13,0,2
BRDA:26,13,1,2
BRDA:34,14,0,0
BRDA:34,14,1,0
BRDA:43,15,0,0
BRDA:43,15,1,0
BRF:32
BRH:16
end_of_record
TN:
SF:packages/core/lib/views/RdfView.d.ts
FNF:0
FNH:0
LF:0
LH:0
BRF:0
BRH:0
end_of_record
TN:
SF:packages/core/lib/views/RdfView.ts
FN:33,isRdfViewExtension
FN:41,constructor
FN:47,_render
FN:59,main
FN:60,after
FN:61,before
FN:66,_generateRdf
FN:71,_renderViewExtension
FN:78,_addDatasources
FN:92,_createN3Writer
FN:100,data
FN:104,meta
FN:114,end
FN:115,(anonymous_13)
FN:124,_createJsonLdWriter
FN:130,(anonymous_15)
FN:131,(anonymous_16)
FN:136,data_2
FN:140,meta_2
FN:145,end_2
FN:33,isRdfViewExtension
FN:41,constructor
FN:47,_render
FN:59,main
FN:60,after
FN:61,before
FN:66,_generateRdf
FN:71,_renderViewExtension
FN:78,_addDatasources
FN:92,_createN3Writer
FN:100,data
FN:104,meta
FN:114,end
FN:115,(anonymous_13)
FN:124,_createJsonLdWriter
FN:136,data_2
FN:140,meta_2
FN:145,end_2
FNF:38
FNH:30
FNDA:2,isRdfViewExtension
FNDA:19,constructor
FNDA:39,_render
FNDA:39,main
FNDA:35,after
FNDA:39,before
FNDA:1,_generateRdf
FNDA:2,_renderViewExtension
FNDA:3,_addDatasources
FNDA:35,_createN3Writer
FNDA:35,data
FNDA:35,meta
FNDA:35,end
FNDA:31,(anonymous_13)
FNDA:11,_createJsonLdWriter
FNDA:1,(anonymous_15)
FNDA:10,(anonymous_16)
FNDA:11,data_2
FNDA:11,meta_2
FNDA:11,end_2
FNDA:0,isRdfViewExtension
FNDA:0,constructor
FNDA:0,_render
FNDA:39,main
FNDA:39,after
FNDA:39,before
FNDA:0,_generateRdf
FNDA:0,_renderViewExtension
FNDA:0,_addDatasources
FNDA:0,_createN3Writer
FNDA:35,data
FNDA:35,meta
FNDA:35,end
FNDA:35,(anonymous_13)
FNDA:0,_createJsonLdWriter
FNDA:11,data_2
FNDA:11,meta_2
FNDA:11,end_2
DA:4,2
DA:5,2
DA:6,2
DA:7,2
DA:11,8
DA:12,8
DA:13,8
DA:14,8
DA:16,8
DA:18,8
DA:34,2
DA:38,2
DA:42,19
DA:43,19
DA:49,39
DA:50,39
DA:51,39
DA:52,39
DA:55,39
DA:56,39
DA:58,39
DA:59,39
DA:60,35
DA:61,39
DA:62,39
DA:67,1
DA:73,2
DA:74,1
DA:79,3
DA:80,3
DA:81,3
DA:82,3
DA:83,2
DA:84,2
DA:85,2
DA:86,2
DA:93,35
DA:94,35
DA:96,35
DA:97,35
DA:101,378
DA:106,663
DA:107,15
DA:108,15
DA:110,663
DA:111,663
DA:115,31
DA:116,31
DA:117,31
DA:125,11
DA:126,11
DA:127,11
DA:129,11
DA:130,11
DA:131,11
DA:133,11
DA:134,11
DA:137,7
DA:141,153
DA:142,153
DA:147,10
LF:61
LH:61
BRDA:49,0,0,39
BRDA:49,0,1,33
BRDA:49,0,2,21
BRDA:56,1,0,6
BRDA:56,1,1,33
BRDA:73,2,0,1
BRDA:73,2,1,1
BRDA:82,3,0,2
BRDA:82,3,1,1
BRDA:106,4,0,15
BRDA:106,4,1,648
BRDA:106,5,0,663
BRDA:106,5,1,326
BRDA:110,6,0,662
BRDA:110,6,1,1
BRDA:110,7,0,325
BRDA:110,7,1,337
BRDA:116,8,0,1
BRDA:116,8,1,30
BRDA:125,9,0,11
BRDA:125,9,1,3
BRDA:126,10,0,11
BRDA:126,10,1,1
BRDA:141,11,0,152
BRDA:141,11,1,1
BRDA:141,12,0,151
BRDA:141,12,1,1
BRDA:49,13,0,39
BRDA:49,13,1,33
BRDA:49,13,2,21
BRDA:106,14,0,663
BRDA:106,14,1,326
BRDA:110,15,0,662
BRDA:110,15,1,1
BRDA:110,16,0,325
BRDA:110,16,1,337
BRDA:116,17,0,1
BRDA:116,17,1,30
BRDA:125,18,0,11
BRDA:125,18,1,3
BRDA:126,19,0,11
BRDA:126,19,1,1
BRDA:141,20,0,152
BRDA:141,20,1,1
BRDA:141,21,0,151
BRDA:141,21,1,1
BRF:46
BRH:46
end_of_record
TN:
SF:packages/core/lib/views/View.d.ts
FNF:0
FNH:0
LF:0
LH:0
BRF:0
BRH:0
end_of_record
TN:
SF:packages/core/lib/views/View.ts
FN:25,constructor
FN:38,_parseContentTypes
FN:42,(anonymous_2)
FN:58,supportsContentType
FN:63,render
FN:73,(anonymous_5)
FN:82,_getViewExtensions
FN:85,(anonymous_7)
FN:93,_renderViewExtensions
FN:95,next
FN:104,_renderViewExtension
FN:110,_render
FN:25,constructor
FN:38,_parseContentTypes
FN:42,(anonymous_2)
FN:58,supportsContentType
FN:63,render
FN:73,(anonymous_5)
FN:82,_getViewExtensions
FN:85,(anonymous_7)
FN:93,_renderViewExtensions
FN:95,next
FN:104,_renderViewExtension
FN:110,_render
FNF:24
FNH:13
FNDA:35,constructor
FNDA:35,_parseContentTypes
FNDA:147,(anonymous_2)
FNDA:0,supportsContentType
FNDA:45,render
FNDA:35,(anonymous_5)
FNDA:74,_getViewExtensions
FNDA:0,(anonymous_7)
FNDA:74,_renderViewExtensions
FNDA:74,next
FNDA:0,_renderViewExtension
FNDA:1,_render
FNDA:0,constructor
FNDA:0,_parseContentTypes
FNDA:35,(anonymous_2)
FNDA:0,supportsContentType
FNDA:0,render
FNDA:45,(anonymous_5)
FNDA:0,_getViewExtensions
FNDA:74,(anonymous_7)
FNDA:0,_renderViewExtensions
FNDA:74,next
FNDA:0,_renderViewExtension
FNDA:0,_render
DA:4,2
DA:6,2
DA:16,2
DA:26,35
DA:27,35
DA:28,35
DA:29,35
DA:30,35
DA:31,0
DA:39,35
DA:41,35
DA:42,28
DA:43,147
DA:44,147
DA:45,147
DA:46,147
DA:47,147
DA:54,35
DA:59,0
DA:65,45
DA:66,45
DA:67,45
DA:70,45
DA:73,45
DA:74,35
DA:75,0
DA:76,35
DA:77,35
DA:83,74
DA:84,74
DA:85,0
DA:86,0
DA:89,74
DA:94,74
DA:95,74
DA:96,74
DA:97,0
DA:99,74
DA:105,0
DA:111,1
LF:40
LH:33
BRDA:26,0,0,35
BRDA:26,0,1,20
BRDA:28,1,0,35
BRDA:28,1,1,13
BRDA:30,2,0,0
BRDA:30,2,1,35
BRDA:41,3,0,28
BRDA:41,3,1,7
BRDA:50,4,0,137
BRDA:50,4,1,10
BRDA:54,5,0,35
BRDA:54,5,1,7
BRDA:66,6,0,45
BRDA:66,6,1,0
BRDA:74,7,0,0
BRDA:74,7,1,35
BRDA:77,8,0,35
BRDA:77,8,1,30
BRDA:83,9,0,0
BRDA:83,9,1,74
BRDA:84,10,0,0
BRDA:84,10,1,74
BRDA:96,11,0,0
BRDA:96,11,1,74
BRDA:26,12,0,35
BRDA:26,12,1,20
BRDA:28,13,0,35
BRDA:28,13,1,13
BRDA:50,14,0,137
BRDA:50,14,1,10
BRDA:54,15,0,35
BRDA:54,15,1,7
BRDA:77,16,0,35
BRDA:77,16,1,30
BRDA:83,17,0,0
BRDA:83,17,1,74
BRF:36
BRH:29
end_of_record
TN:
SF:packages/core/lib/views/ViewCollection.d.ts
FNF:0
FNH:0
LF:0
LH:0
BRF:0
BRH:0
end_of_record
TN:
SF:packages/core/lib/views/ViewCollection.ts
FN:39,constructor
FN:46,addView
FN:51,(anonymous_2)
FN:57,addViews
FN:63,getViews
FN:68,matchView
FN:39,constructor
FN:46,addView
FN:51,(anonymous_2)
FN:57,addViews
FN:63,getViews
FN:68,matchView
FNF:12
FNH:12
FNDA:54,constructor
FNDA:14,addView
FNDA:53,(anonymous_2)
FNDA:10,addViews
FNDA:2,getViews
FNDA:34,matchView
FNDA:2,constructor
FNDA:2,addView
FNDA:14,(anonymous_2)
FNDA:2,addViews
FNDA:2,getViews
FNDA:2,matchView
DA:10,2
DA:28,16
DA:30,16
DA:33,2
DA:40,54
DA:41,54
DA:42,54
DA:48,14
DA:50,14
DA:51,14
DA:52,53
DA:58,10
DA:59,14
DA:64,2
DA:70,34
DA:71,34
DA:72,15
DA:74,21
DA:75,21
DA:76,2
DA:77,21
DA:80,16
LF:22
LH:22
BRDA:42,0,0,52
BRDA:42,0,1,8
BRDA:48,1,0,14
BRDA:48,1,1,11
BRDA:50,2,0,12
BRDA:50,2,1,9
BRDA:64,3,0,0
BRDA:64,3,1,0
BRDA:71,4,0,15
BRDA:71,4,1,19
BRDA:71,5,0,34
BRDA:71,5,1,19
BRDA:75,6,0,2
BRDA:75,6,1,19
BRDA:42,7,0,54
BRDA:42,7,1,10
BRDA:48,8,0,14
BRDA:48,8,1,11
BRDA:50,9,0,14
BRDA:50,9,1,11
BRDA:64,10,0,2
BRDA:64,10,1,2
BRDA:71,11,0,34
BRDA:71,11,1,21
BRF:24
BRH:22
end_of_record
TN:
SF:packages/core/lib/views/index.d.ts
FNF:0
FNH:0
LF:0
LH:0
BRF:0
BRH:0
end_of_record
TN:
SF:packages/core/lib/views/index.ts
FN:9,get
FN:10,get_2
FN:11,get_3
FN:12,get_4
FNF:4
FNH:4
FNDA:2,get
FNDA:2,get_2
FNDA:2,get_3
FNDA:2,get_4
DA:4,2
DA:5,2
DA:6,2
DA:8,2
DA:9,2
DA:10,2
DA:11,2
DA:12,2
LF:8
LH:8
BRF:0
BRH:0
end_of_record
TN:
SF:packages/core/lib/views/error/ErrorHtmlView.d.ts
FNF:0
FNH:0
LF:0
LH:0
BRF:0
BRH:0
end_of_record
TN:
SF:packages/core/lib/views/error/ErrorHtmlView.ts
FN:9,constructor
FN:14,_render
FN:9,constructor
FN:14,_render
FNF:4
FNH:0
FNDA:0,constructor
FNDA:0,_render
FNDA:0,constructor
FNDA:0,_render
DA:4,2
DA:8,2
DA:10,0
DA:15,0
LF:4
LH:2
BRF:0
BRH:0
end_of_record
TN:
SF:packages/core/lib/views/error/ErrorRdfView.d.ts
FNF:0
FNH:0
LF:0
LH:0
BRF:0
BRH:0
end_of_record
TN:
SF:packages/core/lib/views/error/ErrorRdfView.ts
FN:10,constructor
FN:15,_generateRdf
FN:10,constructor
FN:15,_generateRdf
FNF:4
FNH:0
FNDA:0,constructor
FNDA:0,_generateRdf
FNDA:0,constructor
FNDA:0,_generateRdf
DA:4,2
DA:9,2
DA:11,0
DA:16,0
DA:17,0
LF:5
LH:2
BRF:0
BRH:0
end_of_record
TN:
SF:packages/core/lib/views/error/index.d.ts
FNF:0
FNH:0
LF:0
LH:0
BRF:0
BRH:0
end_of_record
TN:
SF:packages/core/lib/views/error/index.ts
FN:4,get
FN:5,get_2
FNF:2
FNH:2
FNDA:2,get
FNDA:2,get_2
DA:4,2
DA:5,2
LF:2
LH:2
BRF:0
BRH:0
end_of_record
TN:
SF:packages/core/lib/views/forbidden/ForbiddenHtmlView.d.ts
FNF:0
FNH:0
LF:0
LH:0
BRF:0
BRH:0
end_of_record
TN:
SF:packages/core/lib/views/forbidden/ForbiddenHtmlView.ts
FN:9,constructor
FN:14,_render
FN:9,constructor
FN:14,_render
FNF:4
FNH:0
FNDA:0,constructor
FNDA:0,_render
FNDA:0,constructor
FNDA:0,_render
DA:4,2
DA:8,2
DA:10,0
DA:15,0
LF:4
LH:2
BRF:0
BRH:0
end_of_record
TN:
SF:packages/core/lib/views/forbidden/index.d.ts
FNF:0
FNH:0
LF:0
LH:0
BRF:0
BRH:0
end_of_record
TN:
SF:packages/core/lib/views/forbidden/index.ts
FN:4,get
FNF:1
FNH:1
FNDA:2,get
DA:4,2
LF:1
LH:1
BRF:0
BRH:0
end_of_record
TN:
SF:packages/core/lib/views/notfound/NotFoundHtmlView.d.ts
FNF:0
FNH:0
LF:0
LH:0
BRF:0
BRH:0
end_of_record
TN:
SF:packages/core/lib/views/notfound/NotFoundHtmlView.ts
FN:9,constructor
FN:14,_render
FN:9,constructor
FN:14,_render
FNF:4
FNH:1
FNDA:1,constructor
FNDA:0,_render
FNDA:0,constructor
FNDA:0,_render
DA:4,2
DA:8,2
DA:10,1
DA:15,0
LF:4
LH:3
BRF:0
BRH:0
end_of_record
TN:
SF:packages/core/lib/views/notfound/NotFoundRdfView.d.ts
FNF:0
FNH:0
LF:0
LH:0
BRF:0
BRH:0
end_of_record
TN:
SF:packages/core/lib/views/notfound/NotFoundRdfView.ts
FN:10,constructor
FN:15,_generateRdf
FN:10,constructor
FN:15,_generateRdf
FNF:4
FNH:2
FNDA:1,constructor
FNDA:2,_generateRdf
FNDA:0,constructor
FNDA:0,_generateRdf
DA:4,2
DA:9,2
DA:11,1
DA:16,2
DA:17,2
LF:5
LH:5
BRF:0
BRH:0
end_of_record
TN:
SF:packages/core/lib/views/notfound/index.d.ts
FNF:0
FNH:0
LF:0
LH:0
BRF:0
BRH:0
end_of_record
TN:
SF:packages/core/lib/views/notfound/index.ts
FN:4,get
FN:5,get_2
FNF:2
FNH:2
FNDA:2,get
FNDA:2,get_2
DA:4,2
DA:5,2
LF:2
LH:2
BRF:0
BRH:0
end_of_record
TN:
SF:packages/datasource-composite/index.ts
FNF:0
FNH:0
DA:6,0
LF:1
LH:0
BRF:0
BRH:0
end_of_record
TN:
SF:packages/datasource-composite/lib/datasources/CompositeDatasource.d.ts
FNF:0
FNH:0
LF:0
LH:0
BRF:0
BRH:0
end_of_record
TN:
SF:packages/datasource-composite/lib/datasources/CompositeDatasource.ts
FN:20,constructor
FN:43,supportsQuery
FN:52,_getDatasourceByName
FN:57,_getDatasourceById
FN:61,_hasDatasourceMatchingGraph
FN:66,_getExactCount
FN:76,(anonymous_6)
FN:79,(anonymous_7)
FN:91,_getDatasourceInfo
FN:98,findRecursive
FN:114,(anonymous_10)
FN:118,(anonymous_11)
FN:127,continueRecursion
FN:130,(anonymous_13)
FN:137,(anonymous_14)
FN:149,_executeQuery
FN:151,(anonymous_16)
FN:164,(anonymous_17)
FN:201,countItems
FN:205,(anonymous_19)
FN:209,(anonymous_20)
FN:215,pushToDestination
FN:218,closeDestination
FN:20,constructor
FN:43,supportsQuery
FN:52,_getDatasourceByName
FN:57,_getDatasourceById
FN:61,_hasDatasourceMatchingGraph
FN:66,_getExactCount
FN:76,(anonymous_6)
FN:79,(anonymous_7)
FN:91,_getDatasourceInfo
FN:98,findRecursive
FN:114,(anonymous_10)
FN:118,(anonymous_11)
FN:127,continueRecursion
FN:130,(anonymous_13)
FN:137,(anonymous_14)
FN:149,_executeQuery
FN:151,(anonymous_16)
FN:164,(anonymous_17)
FN:201,countItems
FN:205,(anonymous_19)
FN:209,(anonymous_20)
FN:215,pushToDestination
FN:218,closeDestination
FNF:46
FNH:38
FNDA:13,constructor
FNDA:23,supportsQuery
FNDA:23,_getDatasourceByName
FNDA:117,_getDatasourceById
FNDA:98,_hasDatasourceMatchingGraph
FNDA:3,_getExactCount
FNDA:1006,(anonymous_6)
FNDA:2,(anonymous_7)
FNDA:23,_getDatasourceInfo
FNDA:99,findRecursive
FNDA:74,(anonymous_10)
FNDA:3,(anonymous_11)
FNDA:74,continueRecursion
FNDA:19,(anonymous_13)
FNDA:55,(anonymous_14)
FNDA:23,_executeQuery
FNDA:23,(anonymous_16)
FNDA:41,(anonymous_17)
FNDA:19,countItems
FNDA:3393,(anonymous_19)
FNDA:41,(anonymous_20)
FNDA:3393,pushToDestination
FNDA:40,closeDestination
FNDA:0,constructor
FNDA:0,supportsQuery
FNDA:0,_getDatasourceByName
FNDA:0,_getDatasourceById
FNDA:0,_hasDatasourceMatchingGraph
FNDA:0,_getExactCount
FNDA:3,(anonymous_6)
FNDA:3,(anonymous_7)
FNDA:0,_getDatasourceInfo
FNDA:23,findRecursive
FNDA:99,(anonymous_10)
FNDA:74,(anonymous_11)
FNDA:74,continueRecursion
FNDA:74,(anonymous_13)
FNDA:74,(anonymous_14)
FNDA:0,_executeQuery
FNDA:23,(anonymous_16)
FNDA:23,(anonymous_17)
FNDA:23,countItems
FNDA:19,(anonymous_19)
FNDA:19,(anonymous_20)
FNDA:23,pushToDestination
FNDA:23,closeDestination
DA:4,0
DA:5,1
DA:15,0
DA:21,13
DA:22,13
DA:24,13
DA:25,1
DA:27,12
DA:28,12
DA:29,12
DA:30,27
DA:31,27
DA:32,27
DA:33,1
DA:34,26
DA:35,25
DA:36,25
DA:39,11
DA:44,23
DA:45,23
DA:46,22
DA:48,1
DA:53,23
DA:58,117
DA:62,98
DA:68,3
DA:69,3
DA:70,3
DA:73,2
DA:74,2
DA:75,2
DA:76,2
DA:77,1006
DA:79,2
DA:80,2
DA:81,1
DA:82,2
DA:92,23
DA:96,23
DA:99,99
DA:101,23
DA:103,76
DA:104,76
DA:110,76
DA:111,2
DA:113,74
DA:114,74
DA:116,74
DA:117,74
DA:118,3
DA:119,3
DA:120,3
DA:121,3
DA:125,71
DA:128,74
DA:130,19
DA:131,19
DA:137,55
DA:138,55
DA:150,23
DA:151,23
DA:152,23
DA:154,4
DA:155,4
DA:159,19
DA:163,19
DA:164,19
DA:168,41
DA:169,41
DA:170,41
DA:171,22
DA:172,22
DA:174,22
DA:177,22
DA:178,21
DA:179,21
DA:180,21
DA:183,1
DA:184,22
DA:187,19
DA:191,19
DA:193,19
DA:194,19
DA:195,19
DA:202,19
DA:203,19
DA:204,19
DA:205,19
DA:206,3393
DA:207,3393
DA:209,19
DA:210,41
DA:211,19
DA:216,3393
DA:219,40
LF:95
LH:93
BRDA:24,0,0,1
BRDA:24,0,1,12
BRDA:32,1,0,1
BRDA:32,1,1,26
BRDA:34,2,0,25
BRDA:34,2,1,1
BRDA:45,3,0,22
BRDA:45,3,1,1
BRDA:62,4,0,98
BRDA:62,4,1,30
BRDA:62,4,2,3
BRDA:70,5,0,1
BRDA:70,5,1,2
BRDA:80,6,0,1
BRDA:80,6,1,1
BRDA:99,7,0,23
BRDA:99,7,1,76
BRDA:110,8,0,2
BRDA:110,8,1,74
BRDA:117,9,0,3
BRDA:117,9,1,71
BRDA:117,10,0,74
BRDA:117,10,1,8
BRDA:128,11,0,19
BRDA:128,11,1,55
BRDA:128,12,0,74
BRDA:128,12,1,41
BRDA:132,13,0,19
BRDA:132,13,1,19
BRDA:139,14,0,55
BRDA:139,14,1,55
BRDA:150,15,0,23
BRDA:150,15,1,17
BRDA:150,16,0,23
BRDA:150,16,1,7
BRDA:152,17,0,4
BRDA:152,17,1,19
BRDA:170,18,0,22
BRDA:170,18,1,19
BRDA:170,19,0,41
BRDA:170,19,1,35
BRDA:177,20,0,21
BRDA:177,20,1,1
BRDA:206,21,0,3392
BRDA:206,21,1,1
BRDA:210,22,0,19
BRDA:210,22,1,22
BRDA:62,23,0,98
BRDA:62,23,1,30
BRDA:62,23,2,3
BRDA:117,24,0,74
BRDA:117,24,1,8
BRDA:128,25,0,74
BRDA:128,25,1,41
BRDA:132,26,0,19
BRDA:132,26,1,19
BRDA:139,27,0,55
BRDA:139,27,1,55
BRDA:150,28,0,23
BRDA:150,28,1,17
BRDA:150,29,0,23
BRDA:150,29,1,7
BRDA:170,30,0,41
BRDA:170,30,1,35
BRF:64
BRH:64
end_of_record
TN:
SF:packages/datasource-hdt/index.ts
FNF:0
FNH:0
DA:6,0
LF:1
LH:0
BRF:0
BRH:0
end_of_record
TN:
SF:packages/datasource-hdt/lib/datasources/ExternalHdtDatasource.d.ts
FNF:0
FNH:0
LF:0
LH:0
BRF:0
BRH:0
end_of_record
TN:
SF:packages/datasource-hdt/lib/datasources/ExternalHdtDatasource.ts
FN:23,constructor
FN:35,_initialize
FN:45,_executeQuery
FN:64,(anonymous_3)
FN:81,(anonymous_4)
FN:89,(anonymous_5)
FN:23,constructor
FN:35,_initialize
FN:45,_executeQuery
FN:64,(anonymous_3)
FN:81,(anonymous_4)
FN:89,(anonymous_5)
FNF:12
FNH:9
FNDA:12,constructor
FNDA:10,_initialize
FNDA:8,_executeQuery
FNDA:152,(anonymous_3)
FNDA:6,(anonymous_4)
FNDA:4,(anonymous_5)
FNDA:0,constructor
FNDA:0,_initialize
FNDA:0,_executeQuery
FNDA:8,(anonymous_3)
FNDA:8,(anonymous_4)
FNDA:8,(anonymous_5)
DA:4,0
DA:5,0
DA:6,0
DA:7,0
DA:8,0
DA:12,3
DA:19,0
DA:24,12
DA:25,12
DA:29,12
DA:30,12
DA:36,10
DA:37,5
DA:38,1
DA:39,4
DA:40,1
DA:47,8
DA:48,1
DA:49,1
DA:50,1
DA:54,8
DA:55,8
DA:62,8
DA:63,8
DA:64,8
DA:65,152
DA:66,1
DA:67,151
DA:68,146
DA:71,5
DA:72,2
DA:73,5
DA:74,5
DA:78,8
DA:81,8
DA:84,6
DA:85,6
DA:89,8
DA:90,4
LF:39
LH:33
BRDA:29,0,0,12
BRDA:29,0,1,1
BRDA:30,1,0,12
BRDA:30,1,1,1
BRDA:36,2,0,5
BRDA:36,2,1,5
BRDA:37,3,0,1
BRDA:37,3,1,4
BRDA:39,4,0,1
BRDA:39,4,1,3
BRDA:47,5,0,1
BRDA:47,5,1,7
BRDA:47,6,0,8
BRDA:47,6,1,1
BRDA:54,7,0,7
BRDA:54,7,1,6
BRDA:54,8,0,8
BRDA:54,8,1,4
BRDA:56,9,0,1
BRDA:56,9,1,6
BRDA:57,10,0,0
BRDA:57,10,1,7
BRDA:57,11,0,0
BRDA:57,11,1,7
BRDA:65,12,0,1
BRDA:65,12,1,151
BRDA:67,13,0,146
BRDA:67,13,1,5
BRDA:71,14,0,2
BRDA:71,14,1,3
BRDA:71,15,0,5
BRDA:71,15,1,4
BRDA:72,16,0,1
BRDA:72,16,1,1
BRDA:84,17,0,6
BRDA:84,17,1,2
BRDA:84,18,0,6
BRDA:84,18,1,1
BRDA:90,19,0,4
BRDA:90,19,1,1
BRDA:29,20,0,12
BRDA:29,20,1,1
BRDA:30,21,0,12
BRDA:30,21,1,1
BRDA:47,22,0,8
BRDA:47,22,1,1
BRDA:54,23,0,7
BRDA:54,23,1,6
BRDA:54,24,0,8
BRDA:54,24,1,4
BRDA:56,25,0,1
BRDA:56,25,1,6
BRDA:57,26,0,0
BRDA:57,26,1,7
BRDA:57,27,0,0
BRDA:57,27,1,7
BRDA:71,28,0,5
BRDA:71,28,1,4
BRDA:72,29,0,1
BRDA:72,29,1,1
BRDA:84,30,0,6
BRDA:84,30,1,2
BRDA:84,31,0,6
BRDA:84,31,1,1
BRDA:90,32,0,4
BRDA:90,32,1,1
BRF:66
BRH:62
end_of_record
TN:
SF:packages/datasource-hdt/lib/datasources/HdtDatasource.d.ts
FNF:0
FNH:0
LF:0
LH:0
BRF:0
BRH:0
end_of_record
TN:
SF:packages/datasource-hdt/lib/datasources/HdtDatasource.ts
FN:19,constructor
FN:31,_initialize
FN:36,_executeQuery
FN:45,(anonymous_3)
FN:58,(anonymous_4)
FN:63,close
FN:66,(anonymous_6)
FN:19,constructor
FN:31,_initialize
FN:36,_executeQuery
FN:45,(anonymous_3)
FN:59,(anonymous_4)
FN:63,close
FN:66,(anonymous_6)
FNF:14
FNH:10
FNDA:13,constructor
FNDA:8,_initialize
FNDA:72,_executeQuery
FNDA:62,(anonymous_3)
FNDA:1,(anonymous_4)
FNDA:9,close
FNDA:6,(anonymous_6)
FNDA:0,constructor
FNDA:0,_initialize
FNDA:0,_executeQuery
FNDA:72,(anonymous_3)
FNDA:72,(anonymous_4)
FNDA:0,close
FNDA:9,(anonymous_6)
DA:4,0
DA:5,0
DA:6,0
DA:15,0
DA:20,13
DA:21,13
DA:23,13
DA:24,13
DA:26,13
DA:27,1
DA:32,8
DA:38,72
DA:39,9
DA:40,9
DA:41,9
DA:43,63
DA:46,62
DA:47,62
DA:48,62
DA:50,62
DA:51,62
DA:52,2
DA:53,62
DA:55,62
DA:56,958
DA:57,62
DA:59,1
DA:65,9
DA:66,6
DA:67,6
DA:70,3
DA:71,2
LF:32
LH:28
BRDA:23,0,0,13
BRDA:23,0,1,1
BRDA:24,1,0,13
BRDA:24,1,1,1
BRDA:26,2,0,1
BRDA:26,2,1,12
BRDA:38,3,0,9
BRDA:38,3,1,63
BRDA:38,4,0,72
BRDA:38,4,1,15
BRDA:50,5,0,62
BRDA:50,5,1,57
BRDA:51,6,0,2
BRDA:51,6,1,60
BRDA:51,7,0,62
BRDA:51,7,1,49
BRDA:52,8,0,1
BRDA:52,8,1,1
BRDA:65,9,0,6
BRDA:65,9,1,3
BRDA:66,10,0,6
BRDA:66,10,1,6
BRDA:70,11,0,2
BRDA:70,11,1,1
BRDA:23,12,0,13
BRDA:23,12,1,1
BRDA:24,13,0,13
BRDA:24,13,1,1
BRDA:38,14,0,72
BRDA:38,14,1,15
BRDA:50,15,0,62
BRDA:50,15,1,57
BRDA:51,16,0,62
BRDA:51,16,1,49
BRDA:52,17,0,1
BRDA:52,17,1,1
BRDA:66,18,0,6
BRDA:66,18,1,6
BRF:38
BRH:38
end_of_record
TN:
SF:packages/datasource-jsonld/index.ts
FNF:0
FNH:0
DA:6,0
LF:1
LH:0
BRF:0
BRH:0
end_of_record
TN:
SF:packages/datasource-jsonld/lib/datasources/JsonLdDatasource.d.ts
FNF:0
FNH:0
LF:0
LH:0
BRF:0
BRH:0
end_of_record
TN:
SF:packages/datasource-jsonld/lib/datasources/JsonLdDatasource.ts
FN:13,constructor
FN:18,_getAllQuads
FN:13,constructor
FN:18,_getAllQuads
FNF:4
FNH:2
FNDA:3,constructor
FNDA:1,_getAllQuads
FNDA:0,constructor
FNDA:0,_getAllQuads
DA:4,0
DA:5,0
DA:9,1
DA:12,0
DA:14,3
DA:19,1
DA:20,1
LF:7
LH:4
BRF:0
BRH:0
end_of_record
TN:
SF:packages/datasource-n3/index.ts
FNF:0
FNH:0
DA:6,0
LF:1
LH:0
BRF:0
BRH:0
end_of_record
TN:
SF:packages/datasource-n3/lib/datasources/N3Datasource.d.ts
FNF:0
FNH:0
LF:0
LH:0
BRF:0
BRH:0
end_of_record
TN:
SF:packages/datasource-n3/lib/datasources/N3Datasource.ts
FN:13,constructor
FN:19,_getAllQuads
FN:22,(anonymous_2)
FN:13,constructor
FN:19,_getAllQuads
FN:22,(anonymous_2)
FNF:6
FNH:4
FNDA:5,constructor
FNDA:3,_getAllQuads
FNDA:274,(anonymous_2)
FNDA:0,constructor
FNDA:0,_getAllQuads
FNDA:3,(anonymous_2)
DA:4,0
DA:5,0
DA:9,2
DA:12,0
DA:14,5
DA:15,5
DA:20,3
DA:21,3
DA:22,3
DA:23,274
LF:10
LH:7
BRDA:15,0,0,5
BRDA:15,0,1,5
BRDA:15,0,2,0
BRDA:23,1,0,271
BRDA:23,1,1,3
BRDA:15,2,0,5
BRDA:15,2,1,5
BRDA:15,2,2,0
BRDA:23,3,0,271
BRDA:23,3,1,3
BRF:10
BRH:8
end_of_record
TN:
SF:packages/datasource-rdfa/index.ts
FNF:0
FNH:0
DA:6,0
LF:1
LH:0
BRF:0
BRH:0
end_of_record
TN:
SF:packages/datasource-rdfa/lib/datasources/RdfaDatasource.d.ts
FNF:0
FNH:0
LF:0
LH:0
BRF:0
BRH:0
end_of_record
TN:
SF:packages/datasource-rdfa/lib/datasources/RdfaDatasource.ts
FN:13,constructor
FN:19,_getAllQuads
FN:13,constructor
FN:19,_getAllQuads
FNF:4
FNH:2
FNDA:3,constructor
FNDA:1,_getAllQuads
FNDA:0,constructor
FNDA:0,_getAllQuads
DA:4,0
DA:5,0
DA:9,1
DA:12,0
DA:14,3
DA:15,3
DA:20,1
DA:21,1
LF:8
LH:5
BRDA:15,0,0,3
BRDA:15,0,1,3
BRDA:15,0,2,0
BRDA:15,1,0,3
BRDA:15,1,1,3
BRDA:15,1,2,0
BRF:6
BRH:4
end_of_record
TN:
SF:packages/datasource-sparql/index.ts
FNF:0
FNH:0
DA:6,0
LF:1
LH:0
BRF:0
BRH:0
end_of_record
TN:
SF:packages/datasource-sparql/lib/datasources/SparqlDatasource.d.ts
FNF:0
FNH:0
LF:0
LH:0
BRF:0
BRH:0
end_of_record
TN:
SF:packages/datasource-sparql/lib/datasources/SparqlDatasource.ts
FN:36,constructor
FN:53,_executeQuery
FN:64,(anonymous_2)
FN:66,(anonymous_3)
FN:71,(anonymous_4)
FN:85,(anonymous_5)
FN:92,emitError
FN:100,_getPatternCount
FN:118,(anonymous_8)
FN:121,(anonymous_9)
FN:122,(anonymous_10)
FN:137,resolveToDefault
FN:145,_createSelectQuery
FN:157,_createCountQuery
FN:162,_createQuadPattern
FN:189,_encodeObject
FN:206,_convertLiteral
FN:36,constructor
FN:53,_executeQuery
FN:64,(anonymous_2)
FN:66,(anonymous_3)
FN:71,(anonymous_4)
FN:85,(anonymous_5)
FN:92,emitError
FN:100,_getPatternCount
FN:118,(anonymous_8)
FN:121,(anonymous_9)
FN:122,(anonymous_10)
FN:137,resolveToDefault
FN:145,_createSelectQuery
FN:157,_createCountQuery
FN:162,_createQuadPattern
FN:189,_encodeObject
FN:206,_convertLiteral
FNF:34
FNH:26
FNDA:4,constructor
FNDA:27,_executeQuery
FNDA:25,(anonymous_2)
FNDA:25,(anonymous_3)
FNDA:1320,(anonymous_4)
FNDA:26,(anonymous_5)
FNDA:3,emitError
FNDA:27,_getPatternCount
FNDA:22,(anonymous_8)
FNDA:20,(anonymous_9)
FNDA:20,(anonymous_10)
FNDA:3,resolveToDefault
FNDA:27,_createSelectQuery
FNDA:22,_createCountQuery
FNDA:27,_createQuadPattern
FNDA:35,_encodeObject
FNDA:8,_convertLiteral
FNDA:0,constructor
FNDA:0,_executeQuery
FNDA:27,(anonymous_2)
FNDA:27,(anonymous_3)
FNDA:25,(anonymous_4)
FNDA:27,(anonymous_5)
FNDA:27,emitError
FNDA:0,_getPatternCount
FNDA:27,(anonymous_8)
FNDA:22,(anonymous_9)
FNDA:22,(anonymous_10)
FNDA:22,resolveToDefault
FNDA:0,_createSelectQuery
FNDA:0,_createCountQuery
FNDA:0,_createQuadPattern
FNDA:0,_encodeObject
FNDA:0,_convertLiteral
DA:4,0
DA:5,0
DA:6,1
DA:22,1
DA:23,1
DA:24,1
DA:25,1
DA:28,0
DA:37,4
DA:38,4
DA:40,4
DA:41,4
DA:42,4
DA:45,4
DA:46,4
DA:47,4
DA:49,4
DA:55,27
DA:56,27
DA:57,27
DA:62,27
DA:63,27
DA:64,25
DA:68,25
DA:69,1
DA:71,24
DA:72,1320
DA:73,1320
DA:79,1320
DA:81,24
DA:85,27
DA:86,26
DA:91,27
DA:93,3
DA:94,3
DA:95,3
DA:102,27
DA:103,27
DA:104,5
DA:107,22
DA:108,0
DA:111,22
DA:118,22
DA:119,22
DA:120,22
DA:121,22
DA:122,22
DA:123,20
DA:124,20
DA:125,20
DA:126,1
DA:128,19
DA:130,19
DA:131,19
DA:132,19
DA:136,22
DA:137,3
DA:140,22
DA:146,27
DA:151,27
DA:152,27
DA:153,27
DA:158,22
DA:163,27
DA:166,27
DA:167,25
DA:168,25
DA:169,25
DA:173,27
DA:176,27
DA:179,27
DA:181,27
DA:182,25
DA:184,27
DA:190,35
DA:192,27
DA:194,0
DA:196,0
DA:198,0
DA:200,8
DA:202,0
DA:207,8
DA:208,0
DA:210,8
LF:84
LH:75
BRDA:45,0,0,4
BRDA:45,0,1,0
BRDA:46,1,0,4
BRDA:46,1,1,2
BRDA:74,2,0,1320
BRDA:74,2,1,0
BRDA:75,3,0,1320
BRDA:75,3,1,0
BRDA:76,4,0,1320
BRDA:76,4,1,0
BRDA:77,5,0,1320
BRDA:77,5,1,1200
BRDA:93,6,0,0
BRDA:93,6,1,3
BRDA:93,7,0,3
BRDA:93,7,1,3
BRDA:103,8,0,5
BRDA:103,8,1,22
BRDA:107,9,0,0
BRDA:107,9,1,22
BRDA:125,10,0,1
BRDA:125,10,1,19
BRDA:130,11,0,19
BRDA:130,11,1,0
BRDA:151,12,0,27
BRDA:151,12,1,5
BRDA:152,13,0,27
BRDA:152,13,1,4
BRDA:166,14,0,25
BRDA:166,14,1,2
BRDA:166,15,0,27
BRDA:166,15,1,6
BRDA:168,16,0,4
BRDA:168,16,1,21
BRDA:168,17,0,4
BRDA:168,17,1,0
BRDA:173,18,0,5
BRDA:173,18,1,22
BRDA:173,19,0,5
BRDA:173,19,1,0
BRDA:176,20,0,8
BRDA:176,20,1,19
BRDA:176,21,0,8
BRDA:176,21,1,0
BRDA:179,22,0,16
BRDA:179,22,1,11
BRDA:179,23,0,16
BRDA:179,23,1,0
BRDA:181,24,0,25
BRDA:181,24,1,2
BRDA:181,25,0,27
BRDA:181,25,1,6
BRDA:190,26,0,27
BRDA:190,26,1,0
BRDA:190,26,2,0
BRDA:190,26,3,0
BRDA:190,26,4,8
BRDA:190,26,5,0
BRDA:207,27,0,0
BRDA:207,27,1,8
BRDA:210,28,0,6
BRDA:210,28,1,2
BRDA:211,29,0,2
BRDA:211,29,1,6
BRDA:212,30,0,2
BRDA:212,30,1,4
BRDA:212,31,0,6
BRDA:212,31,1,6
BRDA:212,32,0,2
BRDA:212,32,1,2
BRDA:45,33,0,4
BRDA:45,33,1,0
BRDA:46,34,0,4
BRDA:46,34,1,2
BRDA:74,35,0,1320
BRDA:74,35,1,0
BRDA:75,36,0,1320
BRDA:75,36,1,0
BRDA:76,37,0,1320
BRDA:76,37,1,0
BRDA:77,38,0,1320
BRDA:77,38,1,1200
BRDA:93,39,0,3
BRDA:93,39,1,3
BRDA:151,40,0,27
BRDA:151,40,1,5
BRDA:152,41,0,27
BRDA:152,41,1,4
BRDA:166,42,0,27
BRDA:166,42,1,6
BRDA:168,43,0,4
BRDA:168,43,1,21
BRDA:168,44,0,4
BRDA:168,44,1,0
BRDA:173,45,0,5
BRDA:173,45,1,22
BRDA:173,46,0,5
BRDA:173,46,1,0
BRDA:176,47,0,8
BRDA:176,47,1,19
BRDA:176,48,0,8
BRDA:176,48,1,0
BRDA:179,49,0,16
BRDA:179,49,1,11
BRDA:179,50,0,16
BRDA:179,50,1,0
BRDA:181,51,0,25
BRDA:181,51,1,2
BRDA:181,52,0,27
BRDA:181,52,1,6
BRDA:210,53,0,0
BRDA:210,53,1,8
BRDA:211,54,0,2
BRDA:211,54,1,6
BRDA:212,55,0,2
BRDA:212,55,1,4
BRDA:212,56,0,6
BRDA:212,56,1,6
BRDA:212,57,0,2
BRDA:212,57,1,2
BRF:120
BRH:95
end_of_record
TN:
SF:packages/feature-memento/index.ts
FNF:0
FNH:0
DA:8,0
LF:1
LH:0
BRF:0
BRH:0
end_of_record
TN:
SF:packages/feature-memento/lib/controllers/MementoControllerExtension.d.ts
FNF:0
FNH:0
LF:0
LH:0
BRF:0
BRH:0
end_of_record
TN:
SF:packages/feature-memento/lib/controllers/MementoControllerExtension.ts
FN:17,constructor
FN:25,_handleRequest
FN:17,constructor
FN:25,_handleRequest
FNF:4
FNH:2
FNDA:3,constructor
FNDA:5,_handleRequest
FNDA:0,constructor
FNDA:0,_handleRequest
DA:4,0
DA:5,0
DA:7,0
DA:13,0
DA:18,3
DA:19,3
DA:20,3
DA:21,3
DA:26,5
DA:27,5
DA:28,5
DA:31,5
DA:32,1
DA:33,1
DA:34,1
DA:35,1
DA:37,1
DA:38,1
DA:42,4
DA:44,4
DA:45,1
DA:47,3
DA:48,1
DA:49,4
DA:50,2
DA:52,5
LF:26
LH:22
BRDA:19,0,0,3
BRDA:19,0,1,2
BRDA:21,1,0,3
BRDA:21,1,1,3
BRDA:31,2,0,1
BRDA:31,2,1,4
BRDA:31,3,0,5
BRDA:31,3,1,1
BRDA:31,3,2,1
BRDA:44,4,0,1
BRDA:44,4,1,3
BRDA:47,5,0,1
BRDA:47,5,1,2
BRDA:49,6,0,2
BRDA:49,6,1,2
BRDA:19,7,0,3
BRDA:19,7,1,2
BRDA:21,8,0,3
BRDA:21,8,1,3
BRDA:31,9,0,5
BRDA:31,9,1,1
BRDA:31,9,2,1
BRF:22
BRH:22
end_of_record
TN:
SF:packages/feature-memento/lib/controllers/TimegateController.d.ts
FNF:0
FNH:0
LF:0
LH:0
BRF:0
BRH:0
end_of_record
TN:
SF:packages/feature-memento/lib/controllers/TimegateController.ts
FN:59,constructor
FN:73,parseTimegateMap
FN:74,(anonymous_2)
FN:75,(anonymous_3)
FN:86,parseInvertedTimegateMap
FN:89,(anonymous_5)
FN:90,(anonymous_6)
FN:102,_handleRequest
FN:161,_getClosestMemento
FN:200,sortTimemap
FN:201,(anonymous_10)
FN:207,toDate
FN:59,constructor
FN:73,parseTimegateMap
FN:74,(anonymous_2)
FN:75,(anonymous_3)
FN:86,parseInvertedTimegateMap
FN:89,(anonymous_5)
FN:90,(anonymous_6)
FN:102,_handleRequest
FN:161,_getClosestMemento
FN:200,sortTimemap
FN:201,(anonymous_10)
FN:207,toDate
FNF:24
FNH:17
FNDA:9,constructor
FNDA:9,parseTimegateMap
FNDA:11,(anonymous_2)
FNDA:11,(anonymous_3)
FNDA:9,parseInvertedTimegateMap
FNDA:6,(anonymous_5)
FNDA:6,(anonymous_6)
FNDA:6,_handleRequest
FNDA:12,_getClosestMemento
FNDA:12,sortTimemap
FNDA:5,(anonymous_10)
FNDA:52,toDate
FNDA:0,constructor
FNDA:0,parseTimegateMap
FNDA:9,(anonymous_2)
FNDA:11,(anonymous_3)
FNDA:0,parseInvertedTimegateMap
FNDA:9,(anonymous_5)
FNDA:6,(anonymous_6)
FNDA:0,_handleRequest
FNDA:0,_getClosestMemento
FNDA:0,sortTimemap
FNDA:12,(anonymous_10)
FNDA:0,toDate
DA:4,0
DA:5,0
DA:6,0
DA:7,0
DA:54,0
DA:60,9
DA:61,9
DA:62,9
DA:65,9
DA:66,9
DA:69,9
DA:74,21
DA:75,11
DA:76,11
DA:87,9
DA:88,9
DA:89,9
DA:90,6
DA:91,6
DA:98,9
DA:103,6
DA:104,6
DA:105,6
DA:108,6
DA:110,4
DA:111,1
DA:112,1
DA:116,3
DA:117,3
DA:119,3
DA:121,2
DA:122,2
DA:125,2
DA:126,2
DA:127,1
DA:129,1
DA:130,2
DA:133,2
DA:136,2
DA:137,2
DA:139,2
DA:140,2
DA:143,5
DA:164,12
DA:165,2
DA:168,10
DA:171,10
DA:173,9
DA:176,9
DA:177,9
DA:178,9
DA:181,8
DA:182,8
DA:183,8
DA:186,5
DA:187,11
DA:188,11
DA:189,11
DA:190,8
DA:191,6
DA:194,1
DA:201,12
DA:202,5
DA:208,52
LF:64
LH:59
BRDA:60,0,0,9
BRDA:60,0,1,5
BRDA:65,1,0,9
BRDA:65,1,1,5
BRDA:69,2,0,9
BRDA:69,2,1,8
BRDA:93,3,0,6
BRDA:93,3,1,5
BRDA:93,4,0,5
BRDA:93,4,1,1
BRDA:104,5,0,6
BRDA:104,5,1,5
BRDA:105,6,0,6
BRDA:105,6,1,5
BRDA:108,7,0,4
BRDA:108,7,1,2
BRDA:110,8,0,1
BRDA:110,8,1,3
BRDA:119,9,0,2
BRDA:119,9,1,1
BRDA:126,10,0,1
BRDA:126,10,1,1
BRDA:164,11,0,2
BRDA:164,11,1,10
BRDA:171,12,0,1
BRDA:171,12,1,9
BRDA:173,13,0,1
BRDA:173,13,1,8
BRDA:178,14,0,1
BRDA:178,14,1,8
BRDA:183,15,0,3
BRDA:183,15,1,5
BRDA:189,16,0,8
BRDA:189,16,1,3
BRDA:189,17,0,11
BRDA:189,17,1,8
BRDA:190,18,0,2
BRDA:190,18,1,6
BRDA:191,19,0,2
BRDA:191,19,1,4
BRDA:191,20,0,6
BRDA:191,20,1,6
BRDA:208,21,0,23
BRDA:208,21,1,29
BRDA:208,22,0,52
BRDA:208,22,1,29
BRDA:208,23,0,29
BRDA:208,23,1,3
BRDA:60,24,0,9
BRDA:60,24,1,5
BRDA:65,25,0,9
BRDA:65,25,1,5
BRDA:69,26,0,9
BRDA:69,26,1,8
BRDA:93,27,0,6
BRDA:93,27,1,5
BRDA:93,28,0,5
BRDA:93,28,1,1
BRDA:104,29,0,6
BRDA:104,29,1,5
BRDA:105,30,0,6
BRDA:105,30,1,5
BRDA:189,31,0,11
BRDA:189,31,1,8
BRDA:191,32,0,6
BRDA:191,32,1,6
BRDA:208,33,0,23
BRDA:208,33,1,29
BRDA:208,34,0,52
BRDA:208,34,1,29
BRDA:208,35,0,29
BRDA:208,35,1,3
BRF:72
BRH:72
end_of_record
TN:
SF:packages/feature-memento/lib/views/memento/QuadPatternFragmentsHtmlView-Memento.d.ts
FNF:0
FNH:0
LF:0
LH:0
BRF:0
BRH:0
end_of_record
TN:
SF:packages/feature-memento/lib/views/memento/QuadPatternFragmentsHtmlView-Memento.ts
FN:16,constructor
FN:23,_render
FN:16,constructor
FN:23,_render
FNF:4
FNH:0
FNDA:0,constructor
FNDA:0,_render
FNDA:0,constructor
FNDA:0,_render
DA:4,0
DA:5,0
DA:7,0
DA:13,0
DA:17,0
DA:18,0
DA:19,0
DA:24,0
DA:25,0
DA:26,0
DA:27,0
LF:11
LH:0
BRDA:18,0,0,0
BRDA:18,0,1,0
BRDA:25,1,0,0
BRDA:25,1,1,0
BRDA:18,2,0,0
BRDA:18,2,1,0
BRF:6
BRH:0
end_of_record
TN:
SF:packages/feature-qpf/index.ts
FNF:0
FNH:0
DA:9,0
LF:1
LH:0
BRF:0
BRH:0
end_of_record
TN:
SF:packages/feature-qpf/lib/controllers/QuadPatternFragmentsController.d.ts
FNF:0
FNH:0
LF:0
LH:0
BRF:0
BRH:0
end_of_record
TN:
SF:packages/feature-qpf/lib/controllers/QuadPatternFragmentsController.ts
FN:26,constructor
FN:36,supportsDatasource
FN:42,_handleRequest
FN:45,(anonymous_3)
FN:61,(anonymous_4)
FN:66,nextExtension
FN:80,_createTemplateUrl
FN:86,_createPatternString
FN:105,_createFragmentMetadata
FN:143,close
FN:26,constructor
FN:36,supportsDatasource
FN:42,_handleRequest
FN:45,(anonymous_3)
FN:62,(anonymous_4)
FN:66,nextExtension
FN:80,_createTemplateUrl
FN:86,_createPatternString
FN:105,_createFragmentMetadata
FN:143,close
FNF:20
FNH:12
FNDA:6,constructor
FNDA:10,supportsDatasource
FNDA:11,_handleRequest
FNDA:15,(anonymous_3)
FNDA:1,(anonymous_4)
FNDA:7,nextExtension
FNDA:8,_createTemplateUrl
FNDA:8,_createPatternString
FNDA:8,_createFragmentMetadata
FNDA:0,close
FNDA:0,constructor
FNDA:0,supportsDatasource
FNDA:0,_handleRequest
FNDA:11,(anonymous_3)
FNDA:11,(anonymous_4)
FNDA:11,nextExtension
FNDA:0,_createTemplateUrl
FNDA:0,_createPatternString
FNDA:0,_createFragmentMetadata
FNDA:0,close
DA:4,0
DA:5,0
DA:6,0
DA:21,0
DA:27,6
DA:28,6
DA:29,6
DA:30,6
DA:32,6
DA:37,10
DA:44,11
DA:45,11
DA:46,15
DA:48,15
DA:52,11
DA:53,11
DA:54,11
DA:56,1
DA:59,10
DA:60,10
DA:61,10
DA:62,1
DA:65,10
DA:66,10
DA:68,7
DA:69,0
DA:71,7
DA:72,0
DA:75,7
DA:81,8
DA:88,8
DA:89,8
DA:91,8
DA:93,8
DA:95,8
DA:96,1
DA:97,1
DA:98,1
DA:101,8
DA:107,8
DA:109,8
DA:110,8
DA:111,8
DA:112,8
DA:113,8
DA:114,8
DA:115,8
DA:116,8
DA:119,8
DA:120,8
DA:122,8
DA:144,0
DA:145,0
LF:53
LH:45
BRDA:27,0,0,6
BRDA:27,0,1,1
BRDA:29,1,0,6
BRDA:29,1,1,1
BRDA:30,2,0,6
BRDA:30,2,1,6
BRDA:37,3,0,10
BRDA:37,3,1,1
BRDA:52,4,0,11
BRDA:52,4,1,11
BRDA:54,5,0,1
BRDA:54,5,1,10
BRDA:54,6,0,11
BRDA:54,6,1,11
BRDA:54,6,2,10
BRDA:62,7,0,1
BRDA:62,7,1,1
BRDA:68,8,0,0
BRDA:68,8,1,7
BRDA:69,9,0,0
BRDA:69,9,1,0
BRDA:71,10,0,0
BRDA:71,10,1,7
BRDA:81,11,0,7
BRDA:81,11,1,1
BRDA:88,12,0,0
BRDA:88,12,1,8
BRDA:89,13,0,0
BRDA:89,13,1,8
BRDA:91,14,0,0
BRDA:91,14,1,8
BRDA:91,15,0,8
BRDA:91,15,1,0
BRDA:92,16,0,0
BRDA:92,16,1,8
BRDA:95,17,0,1
BRDA:95,17,1,7
BRDA:96,18,0,0
BRDA:96,18,1,1
BRDA:96,19,0,1
BRDA:96,19,1,0
BRDA:97,20,0,0
BRDA:97,20,1,1
BRDA:112,21,0,8
BRDA:112,21,1,8
BRDA:115,22,0,3
BRDA:115,22,1,5
BRDA:119,23,0,8
BRDA:119,23,1,7
BRDA:134,24,0,0
BRDA:134,24,1,8
BRDA:27,25,0,6
BRDA:27,25,1,1
BRDA:29,26,0,6
BRDA:29,26,1,1
BRDA:30,27,0,6
BRDA:30,27,1,6
BRDA:37,28,0,10
BRDA:37,28,1,1
BRDA:52,29,0,11
BRDA:52,29,1,11
BRDA:54,30,0,11
BRDA:54,30,1,11
BRDA:54,30,2,10
BRDA:62,31,0,1
BRDA:62,31,1,1
BRDA:69,32,0,0
BRDA:69,32,1,0
BRDA:81,33,0,7
BRDA:81,33,1,1
BRDA:88,34,0,0
BRDA:88,34,1,8
BRDA:89,35,0,0
BRDA:89,35,1,8
BRDA:91,36,0,0
BRDA:91,36,1,8
BRDA:91,37,0,8
BRDA:91,37,1,0
BRDA:92,38,0,0
BRDA:92,38,1,8
BRDA:96,39,0,1
BRDA:96,39,1,0
BRDA:112,40,0,8
BRDA:112,40,1,8
BRDA:115,41,0,3
BRDA:115,41,1,5
BRDA:119,42,0,8
BRDA:119,42,1,7
BRDA:134,43,0,0
BRDA:134,43,1,8
BRF:90
BRH:68
end_of_record
TN:
SF:packages/feature-qpf/lib/routers/QuadPatternRouter.d.ts
FNF:0
FNH:0
LF:0
LH:0
BRF:0
BRH:0
end_of_record
TN:
SF:packages/feature-qpf/lib/routers/QuadPatternRouter.ts
FN:27,constructor
FN:33,extractQueryParams
FN:75,_expandIRI
FN:27,constructor
FN:33,extractQueryParams
FN:75,_expandIRI
FNF:6
FNH:3
FNDA:3,constructor
FNDA:61,extractQueryParams
FNDA:26,_expandIRI
FNDA:0,constructor
FNDA:0,extractQueryParams
FNDA:0,_expandIRI
DA:4,0
DA:8,1
DA:9,1
DA:10,1
DA:13,1
DA:15,1
DA:23,0
DA:28,3
DA:29,3
DA:34,61
DA:35,61
DA:38,61
DA:39,8
DA:42,61
DA:43,8
DA:46,61
DA:48,19
DA:49,8
DA:51,11
DA:52,7
DA:56,61
DA:57,9
DA:58,9
DA:61,9
DA:62,1
DA:64,8
DA:68,61
DA:69,31
DA:70,61
DA:71,9
DA:76,26
DA:77,26
LF:32
LH:30
BRDA:28,0,0,3
BRDA:28,0,1,2
BRDA:34,1,0,61
BRDA:34,1,1,61
BRDA:38,2,0,8
BRDA:38,2,1,53
BRDA:38,3,0,61
BRDA:38,3,1,13
BRDA:39,4,0,3
BRDA:39,4,1,5
BRDA:42,5,0,8
BRDA:42,5,1,53
BRDA:42,6,0,61
BRDA:42,6,1,13
BRDA:43,7,0,3
BRDA:43,7,1,5
BRDA:46,8,0,19
BRDA:46,8,1,42
BRDA:48,9,0,8
BRDA:48,9,1,11
BRDA:49,10,0,3
BRDA:49,10,1,5
BRDA:51,11,0,7
BRDA:51,11,1,4
BRDA:52,12,0,5
BRDA:52,12,1,2
BRDA:56,13,0,9
BRDA:56,13,1,52
BRDA:56,14,0,61
BRDA:56,14,1,14
BRDA:58,15,0,3
BRDA:58,15,1,6
BRDA:61,16,0,1
BRDA:61,16,1,8
BRDA:61,17,0,9
BRDA:61,17,1,8
BRDA:68,18,0,31
BRDA:68,18,1,30
BRDA:69,19,0,31
BRDA:69,19,1,29
BRDA:70,20,0,9
BRDA:70,20,1,52
BRDA:71,21,0,9
BRDA:71,21,1,9
BRDA:77,22,0,9
BRDA:77,22,1,17
BRDA:77,23,0,26
BRDA:77,23,1,13
BRDA:28,24,0,3
BRDA:28,24,1,2
BRDA:34,25,0,61
BRDA:34,25,1,61
BRDA:38,26,0,61
BRDA:38,26,1,13
BRDA:39,27,0,3
BRDA:39,27,1,5
BRDA:42,28,0,61
BRDA:42,28,1,13
BRDA:43,29,0,3
BRDA:43,29,1,5
BRDA:49,30,0,3
BRDA:49,30,1,5
BRDA:52,31,0,5
BRDA:52,31,1,2
BRDA:56,32,0,61
BRDA:56,32,1,14
BRDA:58,33,0,3
BRDA:58,33,1,6
BRDA:61,34,0,9
BRDA:61,34,1,8
BRDA:69,35,0,31
BRDA:69,35,1,29
BRDA:71,36,0,9
BRDA:71,36,1,9
BRDA:77,37,0,9
BRDA:77,37,1,17
BRDA:77,38,0,26
BRDA:77,38,1,13
BRF:78
BRH:78
end_of_record
TN:
SF:packages/feature-qpf/lib/views/quadpatternfragments/QuadPatternFragmentsHtmlView.d.ts
FNF:0
FNH:0
LF:0
LH:0
BRF:0
BRH:0
end_of_record
TN:
SF:packages/feature-qpf/lib/views/quadpatternfragments/QuadPatternFragmentsHtmlView.ts
FN:19,constructor
FN:26,_render
FN:29,(anonymous_2)
FN:30,(anonymous_3)
FN:31,(anonymous_4)
FN:37,renderHtml
FN:19,constructor
FN:26,_render
FN:29,(anonymous_2)
FN:30,(anonymous_3)
FN:31,(anonymous_4)
FN:37,renderHtml
FNF:12
FNH:7
FNDA:1,constructor
FNDA:3,_render
FNDA:0,(anonymous_2)
FNDA:3,(anonymous_3)
FNDA:0,(anonymous_4)
FNDA:0,renderHtml
FNDA:0,constructor
FNDA:0,_render
FNDA:3,(anonymous_2)
FNDA:3,(anonymous_3)
FNDA:3,(anonymous_4)
FNDA:3,renderHtml
DA:4,0
DA:5,0
DA:16,0
DA:20,1
DA:22,1
DA:28,3
DA:29,3
DA:30,3
DA:31,3
DA:32,0
DA:33,0
DA:38,0
DA:39,0
DA:40,0
LF:14
LH:6
BRDA:30,0,0,3
BRDA:30,0,1,0
BRDA:33,1,0,0
BRDA:33,1,1,0
BRDA:38,2,0,0
BRDA:38,2,1,0
BRDA:30,3,0,3
BRDA:30,3,1,0
BRDA:33,4,0,0
BRDA:33,4,1,0
BRDA:38,5,0,0
BRDA:38,5,1,0
BRF:12
BRH:2
end_of_record
TN:
SF:packages/feature-qpf/lib/views/quadpatternfragments/QuadPatternFragmentsRdfView.d.ts
FNF:0
FNH:0
LF:0
LH:0
BRF:0
BRH:0
end_of_record
TN:
SF:packages/feature-qpf/lib/views/quadpatternfragments/QuadPatternFragmentsRdfView.ts
FN:31,constructor
FN:36,_generateRdf
FN:47,(anonymous_2)
FN:57,(anonymous_3)
FN:61,_generateMetadata
FN:72,_generateControls
FN:96,sendFragmentMetadata
FN:122,quad
FN:31,constructor
FN:36,_generateRdf
FN:47,(anonymous_2)
FN:57,(anonymous_3)
FN:61,_generateMetadata
FN:72,_generateControls
FN:96,sendFragmentMetadata
FN:122,quad
FNF:16
FNH:10
FNDA:6,constructor
FNDA:33,_generateRdf
FNDA:30,(anonymous_2)
FNDA:10,(anonymous_3)
FNDA:33,_generateMetadata
FNDA:33,_generateControls
FNDA:30,sendFragmentMetadata
FNDA:807,quad
FNDA:0,constructor
FNDA:0,_generateRdf
FNDA:33,(anonymous_2)
FNDA:33,(anonymous_3)
FNDA:0,_generateMetadata
FNDA:0,_generateControls
FNDA:0,sendFragmentMetadata
FNDA:0,quad
DA:4,0
DA:5,0
DA:12,2
DA:13,2
DA:14,2
DA:15,2
DA:16,2
DA:17,2
DA:30,0
DA:32,6
DA:37,33
DA:38,33
DA:41,33
DA:44,33
DA:47,33
DA:48,30
DA:51,30
DA:52,30
DA:56,33
DA:57,33
DA:62,33
DA:63,18
DA:64,33
DA:65,33
DA:66,33
DA:67,33
DA:68,15
DA:73,33
DA:74,16
DA:75,33
DA:76,33
DA:77,33
DA:78,33
DA:79,33
DA:80,33
DA:81,33
DA:82,16
DA:83,33
DA:84,33
DA:85,33
DA:86,33
DA:87,33
DA:88,33
DA:89,33
DA:90,16
DA:91,16
DA:97,30
DA:99,30
DA:100,30
DA:101,30
DA:103,30
DA:106,30
DA:109,30
DA:110,30
DA:111,30
DA:114,30
DA:115,30
DA:116,30
DA:117,25
DA:118,30
DA:119,25
DA:123,807
LF:62
LH:59
BRDA:32,0,0,6
BRDA:32,0,1,6
BRDA:52,1,0,30
BRDA:52,1,1,25
BRDA:57,2,0,10
BRDA:57,2,1,5
BRDA:62,3,0,15
BRDA:62,3,1,18
BRDA:63,4,0,18
BRDA:63,4,1,18
BRDA:66,5,0,33
BRDA:66,5,1,18
BRDA:67,6,0,15
BRDA:67,6,1,18
BRDA:67,7,0,33
BRDA:67,7,1,18
BRDA:67,7,2,18
BRDA:73,8,0,16
BRDA:73,8,1,17
BRDA:73,9,0,33
BRDA:73,9,1,18
BRDA:75,10,0,33
BRDA:75,10,1,18
BRDA:76,11,0,33
BRDA:76,11,1,18
BRDA:81,12,0,16
BRDA:81,12,1,17
BRDA:89,13,0,16
BRDA:89,13,1,17
BRDA:97,14,0,0
BRDA:97,14,1,30
BRDA:99,15,0,30
BRDA:99,15,1,15
BRDA:102,16,0,30
BRDA:102,16,1,15
BRDA:104,17,0,30
BRDA:104,17,1,15
BRDA:106,18,0,30
BRDA:106,18,1,15
BRDA:115,19,0,30
BRDA:115,19,1,30
BRDA:116,20,0,25
BRDA:116,20,1,5
BRDA:117,21,0,25
BRDA:117,21,1,25
BRDA:118,22,0,25
BRDA:118,22,1,5
BRDA:118,23,0,30
BRDA:118,23,1,5
BRDA:119,24,0,25
BRDA:119,24,1,25
BRDA:32,25,0,6
BRDA:32,25,1,6
BRDA:52,26,0,30
BRDA:52,26,1,25
BRDA:57,27,0,10
BRDA:57,27,1,5
BRDA:63,28,0,18
BRDA:63,28,1,18
BRDA:66,29,0,33
BRDA:66,29,1,18
BRDA:67,30,0,33
BRDA:67,30,1,18
BRDA:67,30,2,18
BRDA:73,31,0,33
BRDA:73,31,1,18
BRDA:75,32,0,33
BRDA:75,32,1,18
BRDA:76,33,0,33
BRDA:76,33,1,18
BRDA:99,34,0,30
BRDA:99,34,1,15
BRDA:102,35,0,30
BRDA:102,35,1,15
BRDA:104,36,0,30
BRDA:104,36,1,15
BRDA:106,37,0,30
BRDA:106,37,1,15
BRDA:115,38,0,30
BRDA:115,38,1,30
BRDA:117,39,0,25
BRDA:117,39,1,25
BRDA:118,40,0,30
BRDA:118,40,1,5
BRDA:119,41,0,25
BRDA:119,41,1,25
BRF:86
BRH:85
end_of_record
TN:
SF:packages/feature-summary/index.ts
FNF:0
FNH:0
DA:9,0
LF:1
LH:0
BRF:0
BRH:0
end_of_record
TN:
SF:packages/feature-summary/lib/controllers/SummaryController.d.ts
FNF:0
FNH:0
LF:0
LH:0
BRF:0
BRH:0
end_of_record
TN:
SF:packages/feature-summary/lib/controllers/SummaryController.ts
FN:37,constructor
FN:49,_handleRequest
FN:62,(anonymous_2)
FN:37,constructor
FN:49,_handleRequest
FN:62,(anonymous_2)
FNF:6
FNH:4
FNDA:3,constructor
FNDA:5,_handleRequest
FNDA:1,(anonymous_2)
FNDA:0,constructor
FNDA:0,_handleRequest
FNDA:5,(anonymous_2)
DA:4,0
DA:5,0
DA:6,0
DA:7,0
DA:8,0
DA:31,0
DA:38,3
DA:39,3
DA:41,3
DA:42,3
DA:43,3
DA:45,3
DA:50,5
DA:51,0
DA:53,5
DA:54,5
DA:55,4
DA:58,4
DA:59,4
DA:62,4
DA:63,4
DA:66,4
DA:69,4
DA:70,4
DA:73,1
LF:25
LH:18
BRDA:38,0,0,3
BRDA:38,0,1,2
BRDA:41,1,0,3
BRDA:41,1,1,2
BRDA:42,2,0,3
BRDA:42,2,1,2
BRDA:43,3,0,3
BRDA:43,3,1,2
BRDA:45,4,0,3
BRDA:45,4,1,3
BRDA:50,5,0,0
BRDA:50,5,1,5
BRDA:53,6,0,5
BRDA:53,6,1,5
BRDA:54,7,0,4
BRDA:54,7,1,1
BRDA:54,8,0,5
BRDA:54,8,1,4
BRDA:38,9,0,3
BRDA:38,9,1,2
BRDA:41,10,0,3
BRDA:41,10,1,2
BRDA:42,11,0,3
BRDA:42,11,1,2
BRDA:43,12,0,3
BRDA:43,12,1,2
BRDA:45,13,0,3
BRDA:45,13,1,3
BRDA:53,14,0,5
BRDA:53,14,1,5
BRDA:54,15,0,5
BRDA:54,15,1,4
BRF:32
BRH:31
end_of_record
TN:
SF:packages/feature-summary/lib/views/summary/QuadPatternFragmentsHtmlView-Summary.d.ts
FNF:0
FNH:0
LF:0
LH:0
BRF:0
BRH:0
end_of_record
TN:
SF:packages/feature-summary/lib/views/summary/QuadPatternFragmentsHtmlView-Summary.ts
FN:13,constructor
FN:18,_render
FN:13,constructor
FN:18,_render
FNF:4
FNH:0
FNDA:0,constructor
FNDA:0,_render
FNDA:0,constructor
FNDA:0,_render
DA:4,0
DA:5,0
DA:12,0
DA:14,0
DA:21,0
DA:22,0
DA:24,0
DA:27,0
DA:30,0
LF:9
LH:0
BRDA:22,0,0,0
BRDA:22,0,1,0
BRDA:22,1,0,0
BRDA:22,1,1,0
BRDA:22,1,2,0
BRDA:22,1,3,0
BRDA:22,1,4,0
BRDA:22,2,0,0
BRDA:22,2,1,0
BRDA:22,2,2,0
BRDA:22,2,3,0
BRDA:22,2,4,0
BRF:12
BRH:0
end_of_record
TN:
SF:packages/feature-summary/lib/views/summary/QuadPatternFragmentsRdfView-Summary.d.ts
FNF:0
FNH:0
LF:0
LH:0
BRF:0
BRH:0
end_of_record
TN:
SF:packages/feature-summary/lib/views/summary/QuadPatternFragmentsRdfView-Summary.ts
FN:15,constructor
FN:20,_generateRdf
FN:15,constructor
FN:20,_generateRdf
FNF:4
FNH:0
FNDA:0,constructor
FNDA:0,_generateRdf
FNDA:0,constructor
FNDA:0,_generateRdf
DA:4,0
DA:11,0
DA:14,0
DA:16,0
DA:23,0
DA:24,0
DA:25,0
DA:26,0
DA:28,0
DA:29,0
DA:33,0
LF:11
LH:0
BRDA:26,0,0,0
BRDA:26,0,1,0
BRDA:26,1,0,0
BRDA:26,1,1,0
BRDA:26,1,2,0
BRDA:28,2,0,0
BRDA:28,2,1,0
BRDA:28,3,0,0
BRDA:28,3,1,0
BRDA:28,3,2,0
BRDA:26,4,0,0
BRDA:26,4,1,0
BRDA:26,4,2,0
BRDA:28,5,0,0
BRDA:28,5,1,0
BRDA:28,5,2,0
BRF:16
BRH:0
end_of_record
TN:
SF:packages/feature-summary/lib/views/summary/SummaryRdfView.d.ts
FNF:0
FNH:0
LF:0
LH:0
BRF:0
BRH:0
end_of_record
TN:
SF:packages/feature-summary/lib/views/summary/SummaryRdfView.ts
FN:11,constructor
FN:16,_generateRdf
FN:11,constructor
FN:16,_generateRdf
FNF:4
FNH:2
FNDA:1,constructor
FNDA:4,_generateRdf
FNDA:0,constructor
FNDA:0,_generateRdf
DA:4,0
DA:10,0
DA:12,1
DA:18,4
DA:19,4
DA:20,4
LF:6
LH:4
BRF:0
BRH:0
end_of_record
TN:
SF:packages/feature-webid/index.ts
FNF:0
FNH:0
DA:6,0
LF:1
LH:0
BRF:0
BRH:0
end_of_record
TN:
SF:packages/feature-webid/lib/controllers/WebIDControllerExtension.d.ts
FNF:0
FNH:0
LF:0
LH:0
BRF:0
BRH:0
end_of_record
TN:
SF:packages/feature-webid/lib/controllers/WebIDControllerExtension.ts
FN:29,assertTlsSocket
FN:39,constructor
FN:47,_handleRequest
FN:64,(anonymous_3)
FN:77,_verifyWebID
FN:83,parseTriple
FN:102,verify
FN:115,(anonymous_7)
FN:120,(anonymous_8)
FN:127,(anonymous_9)
FN:135,_handleForbidden
FN:148,_handleNotAcceptable
FN:29,assertTlsSocket
FN:39,constructor
FN:47,_handleRequest
FN:65,(anonymous_3)
FN:77,_verifyWebID
FN:83,parseTriple
FN:102,verify
FN:115,(anonymous_7)
FN:120,(anonymous_8)
FN:127,(anonymous_9)
FN:135,_handleForbidden
FN:148,_handleNotAcceptable
FNF:24
FNH:4
FNDA:0,assertTlsSocket
FNDA:1,constructor
FNDA:1,_handleRequest
FNDA:0,(anonymous_3)
FNDA:0,_verifyWebID
FNDA:0,parseTriple
FNDA:0,verify
FNDA:0,(anonymous_7)
FNDA:0,(anonymous_8)
FNDA:0,(anonymous_9)
FNDA:0,_handleForbidden
FNDA:2,_handleNotAcceptable
FNDA:0,assertTlsSocket
FNDA:0,constructor
FNDA:0,_handleRequest
FNDA:1,(anonymous_3)
FNDA:0,_verifyWebID
FNDA:0,parseTriple
FNDA:0,verify
FNDA:0,(anonymous_7)
FNDA:0,(anonymous_8)
FNDA:0,(anonymous_9)
FNDA:0,_handleForbidden
FNDA:0,_handleNotAcceptable
DA:4,0
DA:5,0
DA:7,1
DA:8,0
DA:9,0
DA:10,0
DA:11,0
DA:16,1
DA:30,0
DA:31,0
DA:35,0
DA:40,1
DA:42,1
DA:43,1
DA:49,1
DA:50,1
DA:52,0
DA:54,0
DA:55,0
DA:57,0
DA:58,0
DA:63,0
DA:64,0
DA:66,0
DA:67,0
DA:72,0
DA:79,0
DA:80,0
DA:84,0
DA:85,0
DA:86,0
DA:87,0
DA:90,0
DA:92,0
DA:93,0
DA:96,0
DA:97,0
DA:103,0
DA:104,0
DA:106,0
DA:110,0
DA:112,0
DA:113,0
DA:115,0
DA:116,0
DA:118,0
DA:120,0
DA:121,0
DA:122,0
DA:123,0
DA:127,0
DA:128,0
DA:131,0
DA:137,0
DA:138,0
DA:144,0
DA:145,0
DA:149,2
DA:152,2
DA:153,2
LF:60
LH:10
BRDA:30,0,0,0
BRDA:30,0,1,0
BRDA:43,1,0,1
BRDA:43,1,1,0
BRDA:49,2,0,1
BRDA:49,2,1,0
BRDA:57,3,0,0
BRDA:57,3,1,0
BRDA:57,4,0,0
BRDA:57,4,1,0
BRDA:66,5,0,0
BRDA:66,5,1,0
BRDA:84,6,0,0
BRDA:84,6,1,0
BRDA:86,7,0,0
BRDA:86,7,1,0
BRDA:87,8,0,0
BRDA:87,8,1,0
BRDA:92,9,0,0
BRDA:92,9,1,0
BRDA:103,10,0,0
BRDA:103,10,1,0
BRDA:103,11,0,0
BRDA:103,11,1,0
BRDA:103,11,2,0
BRDA:103,11,3,0
BRDA:112,12,0,0
BRDA:112,12,1,0
BRDA:121,13,0,0
BRDA:121,13,1,0
BRDA:122,14,0,0
BRDA:122,14,1,0
BRDA:122,14,2,0
BRDA:152,15,0,0
BRDA:152,15,1,2
BRDA:153,16,0,2
BRDA:153,16,1,1
BRDA:153,17,0,2
BRDA:153,17,1,1
BRDA:43,18,0,1
BRDA:43,18,1,0
BRDA:57,19,0,0
BRDA:57,19,1,0
BRDA:92,20,0,0
BRDA:92,20,1,0
BRDA:103,21,0,0
BRDA:103,21,1,0
BRDA:103,21,2,0
BRDA:103,21,3,0
BRDA:121,22,0,0
BRDA:121,22,1,0
BRDA:122,23,0,0
BRDA:122,23,1,0
BRDA:122,23,2,0
BRDA:152,24,0,0
BRDA:152,24,1,2
BRDA:153,25,0,2
BRDA:153,25,1,1
BRDA:153,26,0,2
BRDA:153,26,1,1
BRF:60
BRH:13
end_of_record
